[0.012s] Invoking command in '/home/yousif/example_ros2/build/my_robot_interfaces': CMAKE_PREFIX_PATH=${CMAKE_PREFIX_PATH}:/home/yousif/example_ros2/install/my_py_pkg:/home/yousif/ros2_ws_test/install/my_robot_controller:/opt/ros/humble /usr/bin/cmake /home/yousif/example_ros2/src/my_robot_interfaces -DCMAKE_INSTALL_PREFIX=/home/yousif/example_ros2/install/my_robot_interfaces
[0.145s] -- The C compiler identification is GNU 11.4.0
[0.248s] -- The CXX compiler identification is GNU 11.4.0
[0.256s] -- Detecting C compiler ABI info
[0.332s] -- Detecting C compiler ABI info - done
[0.341s] -- Check for working C compiler: /usr/bin/cc - skipped
[0.341s] -- Detecting C compile features
[0.341s] -- Detecting C compile features - done
[0.344s] -- Detecting CXX compiler ABI info
[0.435s] -- Detecting CXX compiler ABI info - done
[0.444s] -- Check for working CXX compiler: /usr/bin/c++ - skipped
[0.444s] -- Detecting CXX compile features
[0.445s] -- Detecting CXX compile features - done
[0.447s] -- Found ament_cmake: 1.3.10 (/opt/ros/humble/share/ament_cmake/cmake)
[0.603s] -- Found Python3: /usr/bin/python3 (found version "3.10.12") found components: Interpreter 
[0.694s] -- Found rosidl_default_generators: 1.2.0 (/opt/ros/humble/share/rosidl_default_generators/cmake)
[0.697s] -- Using all available rosidl_typesupport_c: rosidl_typesupport_fastrtps_c;rosidl_typesupport_introspection_c
[0.704s] -- Found rosidl_adapter: 3.1.5 (/opt/ros/humble/share/rosidl_adapter/cmake)
[0.745s] -- Using all available rosidl_typesupport_cpp: rosidl_typesupport_fastrtps_cpp;rosidl_typesupport_introspection_cpp
[0.781s] -- Found ament_lint_auto: 0.12.11 (/opt/ros/humble/share/ament_lint_auto/cmake)
[1.064s] -- Found ament_cmake_ros: 0.10.0 (/opt/ros/humble/share/ament_cmake_ros/cmake)
[1.248s] -- Using all available rosidl_typesupport_c: rosidl_typesupport_fastrtps_c;rosidl_typesupport_introspection_c
[1.485s] -- Using all available rosidl_typesupport_cpp: rosidl_typesupport_fastrtps_cpp;rosidl_typesupport_introspection_cpp
[1.508s] -- Found PythonInterp: /usr/bin/python3 (found suitable version "3.10.12", minimum required is "3.6") 
[1.510s] -- Found python_cmake_module: 0.10.0 (/opt/ros/humble/share/python_cmake_module/cmake)
[1.536s] -- Found PythonLibs: /usr/lib/x86_64-linux-gnu/libpython3.10.so (found suitable version "3.10.12", minimum required is "3.5") 
[1.536s] -- Using PYTHON_EXECUTABLE: /usr/bin/python3
[1.536s] -- Using PYTHON_INCLUDE_DIRS: /usr/include/python3.10
[1.536s] -- Using PYTHON_LIBRARIES: /usr/lib/x86_64-linux-gnu/libpython3.10.so
[1.559s] -- Found PythonExtra: .so  
[1.595s] -- Added test 'lint_cmake' to check CMake code style
[1.596s] -- Added test 'xmllint' to check XML markup files
[1.600s] -- Configuring done
[1.635s] -- Generating done
[1.637s] -- Build files have been written to: /home/yousif/example_ros2/build/my_robot_interfaces
[1.644s] Invoked command in '/home/yousif/example_ros2/build/my_robot_interfaces' returned '0': CMAKE_PREFIX_PATH=${CMAKE_PREFIX_PATH}:/home/yousif/example_ros2/install/my_py_pkg:/home/yousif/ros2_ws_test/install/my_robot_controller:/opt/ros/humble /usr/bin/cmake /home/yousif/example_ros2/src/my_robot_interfaces -DCMAKE_INSTALL_PREFIX=/home/yousif/example_ros2/install/my_robot_interfaces
[1.646s] Invoking command in '/home/yousif/example_ros2/build/my_robot_interfaces': CMAKE_PREFIX_PATH=${CMAKE_PREFIX_PATH}:/home/yousif/example_ros2/install/my_py_pkg:/home/yousif/ros2_ws_test/install/my_robot_controller:/opt/ros/humble /usr/bin/cmake --build /home/yousif/example_ros2/build/my_robot_interfaces -- -j8 -l8
[1.691s] [  1%] [34m[1mGenerating C code for ROS interfaces[0m
[1.701s] [  3%] [34m[1mGenerating C++ code for ROS interfaces[0m
[1.711s] [  3%] Built target ament_cmake_python_copy_my_robot_interfaces
[2.036s] running egg_info
[2.038s] creating my_robot_interfaces.egg-info
[2.038s] writing my_robot_interfaces.egg-info/PKG-INFO
[2.038s] writing dependency_links to my_robot_interfaces.egg-info/dependency_links.txt
[2.039s] writing top-level names to my_robot_interfaces.egg-info/top_level.txt
[2.039s] writing manifest file 'my_robot_interfaces.egg-info/SOURCES.txt'
[2.043s] reading manifest file 'my_robot_interfaces.egg-info/SOURCES.txt'
[2.044s] writing manifest file 'my_robot_interfaces.egg-info/SOURCES.txt'
[2.092s] [  3%] Built target ament_cmake_python_build_my_robot_interfaces_egg
[2.342s] [  3%] Built target my_robot_interfaces__cpp
[2.362s] [  7%] [34m[1mGenerating C++ type support dispatch for ROS interfaces[0m
[2.363s] [  7%] [34m[1mGenerating C++ type support for eProsima Fast-RTPS[0m
[2.371s] [  9%] [34m[1mGenerating C++ introspection for ROS interfaces[0m
[2.514s] [ 10%] [32mBuilding C object CMakeFiles/my_robot_interfaces__rosidl_generator_c.dir/rosidl_generator_c/my_robot_interfaces/srv/detail/set_led__functions.c.o[0m
[2.519s] [ 14%] [32mBuilding C object CMakeFiles/my_robot_interfaces__rosidl_generator_c.dir/rosidl_generator_c/my_robot_interfaces/msg/detail/led_state_array__functions.c.o[0m
[2.519s] [ 14%] [32mBuilding C object CMakeFiles/my_robot_interfaces__rosidl_generator_c.dir/rosidl_generator_c/my_robot_interfaces/msg/detail/hardware_status__functions.c.o[0m
[2.521s] [ 16%] [32mBuilding C object CMakeFiles/my_robot_interfaces__rosidl_generator_c.dir/rosidl_generator_c/my_robot_interfaces/srv/detail/compute_rectangle_area__functions.c.o[0m
[2.682s] [ 18%] [32m[1mLinking C shared library libmy_robot_interfaces__rosidl_generator_c.so[0m
[2.761s] [ 18%] Built target my_robot_interfaces__rosidl_generator_c
[2.783s] [ 20%] [34m[1mGenerating C type support for eProsima Fast-RTPS[0m
[2.790s] [ 21%] [34m[1mGenerating C type support dispatch for ROS interfaces[0m
[2.791s] [ 23%] [34m[1mGenerating C introspection for ROS interfaces[0m
[3.395s] [ 25%] [32mBuilding CXX object CMakeFiles/my_robot_interfaces__rosidl_typesupport_cpp.dir/rosidl_typesupport_cpp/my_robot_interfaces/msg/hardware_status__type_support.cpp.o[0m
[3.407s] [ 27%] [32mBuilding CXX object CMakeFiles/my_robot_interfaces__rosidl_typesupport_cpp.dir/rosidl_typesupport_cpp/my_robot_interfaces/srv/compute_rectangle_area__type_support.cpp.o[0m
[3.410s] [ 29%] [32mBuilding CXX object CMakeFiles/my_robot_interfaces__rosidl_typesupport_cpp.dir/rosidl_typesupport_cpp/my_robot_interfaces/msg/led_state_array__type_support.cpp.o[0m
[3.454s] [ 30%] [32mBuilding CXX object CMakeFiles/my_robot_interfaces__rosidl_typesupport_fastrtps_cpp.dir/rosidl_typesupport_fastrtps_cpp/my_robot_interfaces/msg/detail/dds_fastrtps/hardware_status__type_support.cpp.o[0m
[3.701s] [ 32%] [32mBuilding CXX object CMakeFiles/my_robot_interfaces__rosidl_typesupport_introspection_cpp.dir/rosidl_typesupport_introspection_cpp/my_robot_interfaces/msg/detail/hardware_status__type_support.cpp.o[0m
[3.914s] [ 34%] [32mBuilding CXX object CMakeFiles/my_robot_interfaces__rosidl_typesupport_c.dir/rosidl_typesupport_c/my_robot_interfaces/msg/hardware_status__type_support.cpp.o[0m
[4.005s] [ 36%] [32mBuilding CXX object CMakeFiles/my_robot_interfaces__rosidl_typesupport_c.dir/rosidl_typesupport_c/my_robot_interfaces/msg/led_state_array__type_support.cpp.o[0m
[4.101s] [ 38%] [32mBuilding CXX object CMakeFiles/my_robot_interfaces__rosidl_typesupport_c.dir/rosidl_typesupport_c/my_robot_interfaces/srv/compute_rectangle_area__type_support.cpp.o[0m
[4.147s] [ 40%] [32mBuilding CXX object CMakeFiles/my_robot_interfaces__rosidl_typesupport_fastrtps_c.dir/rosidl_typesupport_fastrtps_c/my_robot_interfaces/msg/detail/hardware_status__type_support_c.cpp.o[0m
[4.193s] [ 41%] [32mBuilding CXX object CMakeFiles/my_robot_interfaces__rosidl_typesupport_c.dir/rosidl_typesupport_c/my_robot_interfaces/srv/set_led__type_support.cpp.o[0m
[4.286s] [ 43%] [32m[1mLinking CXX shared library libmy_robot_interfaces__rosidl_typesupport_c.so[0m
[4.289s] [ 45%] [32mBuilding CXX object CMakeFiles/my_robot_interfaces__rosidl_typesupport_introspection_cpp.dir/rosidl_typesupport_introspection_cpp/my_robot_interfaces/msg/detail/led_state_array__type_support.cpp.o[0m
[4.325s] [ 47%] [32mBuilding CXX object CMakeFiles/my_robot_interfaces__rosidl_typesupport_fastrtps_cpp.dir/rosidl_typesupport_fastrtps_cpp/my_robot_interfaces/msg/detail/dds_fastrtps/led_state_array__type_support.cpp.o[0m
[4.338s] [ 49%] [32mBuilding C object CMakeFiles/my_robot_interfaces__rosidl_typesupport_introspection_c.dir/rosidl_typesupport_introspection_c/my_robot_interfaces/msg/detail/hardware_status__type_support.c.o[0m
[4.410s] [ 49%] Built target my_robot_interfaces__rosidl_typesupport_c
[4.437s] [ 50%] [32mBuilding CXX object CMakeFiles/my_robot_interfaces__rosidl_typesupport_fastrtps_cpp.dir/rosidl_typesupport_fastrtps_cpp/my_robot_interfaces/srv/detail/dds_fastrtps/compute_rectangle_area__type_support.cpp.o[0m
[4.442s] [ 52%] [32mBuilding C object CMakeFiles/my_robot_interfaces__rosidl_typesupport_introspection_c.dir/rosidl_typesupport_introspection_c/my_robot_interfaces/msg/detail/led_state_array__type_support.c.o[0m
[4.463s] [ 54%] [32mBuilding CXX object CMakeFiles/my_robot_interfaces__rosidl_typesupport_cpp.dir/rosidl_typesupport_cpp/my_robot_interfaces/srv/set_led__type_support.cpp.o[0m
[4.554s] [ 56%] [32mBuilding C object CMakeFiles/my_robot_interfaces__rosidl_typesupport_introspection_c.dir/rosidl_typesupport_introspection_c/my_robot_interfaces/srv/detail/compute_rectangle_area__type_support.c.o[0m
[4.664s] [ 58%] [32mBuilding C object CMakeFiles/my_robot_interfaces__rosidl_typesupport_introspection_c.dir/rosidl_typesupport_introspection_c/my_robot_interfaces/srv/detail/set_led__type_support.c.o[0m
[4.803s] [ 60%] [32m[1mLinking C shared library libmy_robot_interfaces__rosidl_typesupport_introspection_c.so[0m
[4.834s] [ 61%] [32mBuilding CXX object CMakeFiles/my_robot_interfaces__rosidl_typesupport_fastrtps_c.dir/rosidl_typesupport_fastrtps_c/my_robot_interfaces/msg/detail/led_state_array__type_support_c.cpp.o[0m
[4.913s] [ 61%] Built target my_robot_interfaces__rosidl_typesupport_introspection_c
[4.946s] [ 63%] [32mBuilding CXX object CMakeFiles/my_robot_interfaces__rosidl_typesupport_introspection_cpp.dir/rosidl_typesupport_introspection_cpp/my_robot_interfaces/srv/detail/compute_rectangle_area__type_support.cpp.o[0m
[5.028s] [ 65%] [32mBuilding CXX object CMakeFiles/my_robot_interfaces__rosidl_typesupport_fastrtps_cpp.dir/rosidl_typesupport_fastrtps_cpp/my_robot_interfaces/srv/detail/dds_fastrtps/set_led__type_support.cpp.o[0m
[5.301s] [ 67%] [32mBuilding CXX object CMakeFiles/my_robot_interfaces__rosidl_typesupport_introspection_cpp.dir/rosidl_typesupport_introspection_cpp/my_robot_interfaces/srv/detail/set_led__type_support.cpp.o[0m
[5.554s] [ 69%] [32m[1mLinking CXX shared library libmy_robot_interfaces__rosidl_typesupport_cpp.so[0m
[5.593s] [ 70%] [32mBuilding CXX object CMakeFiles/my_robot_interfaces__rosidl_typesupport_fastrtps_c.dir/rosidl_typesupport_fastrtps_c/my_robot_interfaces/srv/detail/compute_rectangle_area__type_support_c.cpp.o[0m
[5.716s] [ 70%] Built target my_robot_interfaces__rosidl_typesupport_cpp
[5.748s] [ 72%] [32mBuilding CXX object CMakeFiles/my_robot_interfaces__rosidl_typesupport_fastrtps_c.dir/rosidl_typesupport_fastrtps_c/my_robot_interfaces/srv/detail/set_led__type_support_c.cpp.o[0m
[6.216s] [ 74%] [32m[1mLinking CXX shared library libmy_robot_interfaces__rosidl_typesupport_fastrtps_cpp.so[0m
[6.331s] [ 76%] [32m[1mLinking CXX shared library libmy_robot_interfaces__rosidl_typesupport_introspection_cpp.so[0m
[6.379s] [ 76%] Built target my_robot_interfaces__rosidl_typesupport_fastrtps_cpp
[6.493s] [ 76%] Built target my_robot_interfaces__rosidl_typesupport_introspection_cpp
[6.528s] [ 78%] [32m[1mLinking CXX shared library libmy_robot_interfaces__rosidl_typesupport_fastrtps_c.so[0m
[6.677s] [ 78%] Built target my_robot_interfaces__rosidl_typesupport_fastrtps_c
[6.718s] [ 78%] Built target my_robot_interfaces
[6.759s] [ 80%] [34m[1mGenerating Python code for ROS interfaces[0m
[8.207s] [ 80%] Built target my_robot_interfaces__py
[8.249s] [ 81%] [32mBuilding C object CMakeFiles/my_robot_interfaces__rosidl_generator_py.dir/rosidl_generator_py/my_robot_interfaces/msg/_hardware_status_s.c.o[0m
[8.249s] [ 83%] [32mBuilding C object CMakeFiles/my_robot_interfaces__rosidl_generator_py.dir/rosidl_generator_py/my_robot_interfaces/msg/_led_state_array_s.c.o[0m
[8.250s] [ 85%] [32mBuilding C object CMakeFiles/my_robot_interfaces__rosidl_generator_py.dir/rosidl_generator_py/my_robot_interfaces/srv/_set_led_s.c.o[0m
[8.256s] [ 87%] [32mBuilding C object CMakeFiles/my_robot_interfaces__rosidl_generator_py.dir/rosidl_generator_py/my_robot_interfaces/srv/_compute_rectangle_area_s.c.o[0m
[8.556s] [ 89%] [32m[1mLinking C shared library rosidl_generator_py/my_robot_interfaces/libmy_robot_interfaces__rosidl_generator_py.so[0m
[8.636s] [ 89%] Built target my_robot_interfaces__rosidl_generator_py
[8.678s] [ 90%] [32mBuilding C object CMakeFiles/my_robot_interfaces__rosidl_typesupport_fastrtps_c__pyext.dir/rosidl_generator_py/my_robot_interfaces/_my_robot_interfaces_s.ep.rosidl_typesupport_fastrtps_c.c.o[0m
[8.678s] [ 92%] [32mBuilding C object CMakeFiles/my_robot_interfaces__rosidl_typesupport_introspection_c__pyext.dir/rosidl_generator_py/my_robot_interfaces/_my_robot_interfaces_s.ep.rosidl_typesupport_introspection_c.c.o[0m
[8.678s] [ 94%] [32mBuilding C object CMakeFiles/my_robot_interfaces__rosidl_typesupport_c__pyext.dir/rosidl_generator_py/my_robot_interfaces/_my_robot_interfaces_s.ep.rosidl_typesupport_c.c.o[0m
[8.897s] [ 96%] [32m[1mLinking C shared library rosidl_generator_py/my_robot_interfaces/my_robot_interfaces_s__rosidl_typesupport_c.cpython-310-x86_64-linux-gnu.so[0m
[8.903s] [ 98%] [32m[1mLinking C shared library rosidl_generator_py/my_robot_interfaces/my_robot_interfaces_s__rosidl_typesupport_introspection_c.cpython-310-x86_64-linux-gnu.so[0m
[8.921s] [100%] [32m[1mLinking C shared library rosidl_generator_py/my_robot_interfaces/my_robot_interfaces_s__rosidl_typesupport_fastrtps_c.cpython-310-x86_64-linux-gnu.so[0m
[8.968s] [100%] Built target my_robot_interfaces__rosidl_typesupport_c__pyext
[8.979s] [100%] Built target my_robot_interfaces__rosidl_typesupport_introspection_c__pyext
[8.995s] [100%] Built target my_robot_interfaces__rosidl_typesupport_fastrtps_c__pyext
[9.020s] Invoked command in '/home/yousif/example_ros2/build/my_robot_interfaces' returned '0': CMAKE_PREFIX_PATH=${CMAKE_PREFIX_PATH}:/home/yousif/example_ros2/install/my_py_pkg:/home/yousif/ros2_ws_test/install/my_robot_controller:/opt/ros/humble /usr/bin/cmake --build /home/yousif/example_ros2/build/my_robot_interfaces -- -j8 -l8
[9.286s] Invoking command in '/home/yousif/example_ros2/build/my_robot_interfaces': CMAKE_PREFIX_PATH=${CMAKE_PREFIX_PATH}:/home/yousif/example_ros2/install/my_py_pkg:/home/yousif/ros2_ws_test/install/my_robot_controller:/opt/ros/humble /usr/bin/cmake --install /home/yousif/example_ros2/build/my_robot_interfaces
[9.301s] -- Install configuration: ""
[9.302s] -- Installing: /home/yousif/example_ros2/install/my_robot_interfaces/share/ament_index/resource_index/rosidl_interfaces/my_robot_interfaces
[9.302s] -- Installing: /home/yousif/example_ros2/install/my_robot_interfaces/include/my_robot_interfaces/my_robot_interfaces
[9.302s] -- Installing: /home/yousif/example_ros2/install/my_robot_interfaces/include/my_robot_interfaces/my_robot_interfaces/srv
[9.303s] -- Installing: /home/yousif/example_ros2/install/my_robot_interfaces/include/my_robot_interfaces/my_robot_interfaces/srv/compute_rectangle_area.h
[9.303s] -- Installing: /home/yousif/example_ros2/install/my_robot_interfaces/include/my_robot_interfaces/my_robot_interfaces/srv/detail
[9.303s] -- Installing: /home/yousif/example_ros2/install/my_robot_interfaces/include/my_robot_interfaces/my_robot_interfaces/srv/detail/set_led__functions.c
[9.303s] -- Installing: /home/yousif/example_ros2/install/my_robot_interfaces/include/my_robot_interfaces/my_robot_interfaces/srv/detail/compute_rectangle_area__functions.h
[9.303s] -- Installing: /home/yousif/example_ros2/install/my_robot_interfaces/include/my_robot_interfaces/my_robot_interfaces/srv/detail/compute_rectangle_area__struct.h
[9.304s] -- Installing: /home/yousif/example_ros2/install/my_robot_interfaces/include/my_robot_interfaces/my_robot_interfaces/srv/detail/compute_rectangle_area__functions.c
[9.304s] -- Installing: /home/yousif/example_ros2/install/my_robot_interfaces/include/my_robot_interfaces/my_robot_interfaces/srv/detail/set_led__functions.h
[9.304s] -- Installing: /home/yousif/example_ros2/install/my_robot_interfaces/include/my_robot_interfaces/my_robot_interfaces/srv/detail/compute_rectangle_area__type_support.h
[9.304s] -- Installing: /home/yousif/example_ros2/install/my_robot_interfaces/include/my_robot_interfaces/my_robot_interfaces/srv/detail/set_led__type_support.h
[9.304s] -- Installing: /home/yousif/example_ros2/install/my_robot_interfaces/include/my_robot_interfaces/my_robot_interfaces/srv/detail/set_led__struct.h
[9.304s] -- Installing: /home/yousif/example_ros2/install/my_robot_interfaces/include/my_robot_interfaces/my_robot_interfaces/srv/set_led.h
[9.305s] -- Installing: /home/yousif/example_ros2/install/my_robot_interfaces/include/my_robot_interfaces/my_robot_interfaces/msg
[9.305s] -- Installing: /home/yousif/example_ros2/install/my_robot_interfaces/include/my_robot_interfaces/my_robot_interfaces/msg/rosidl_generator_c__visibility_control.h
[9.305s] -- Installing: /home/yousif/example_ros2/install/my_robot_interfaces/include/my_robot_interfaces/my_robot_interfaces/msg/detail
[9.306s] -- Installing: /home/yousif/example_ros2/install/my_robot_interfaces/include/my_robot_interfaces/my_robot_interfaces/msg/detail/led_state_array__functions.h
[9.306s] -- Installing: /home/yousif/example_ros2/install/my_robot_interfaces/include/my_robot_interfaces/my_robot_interfaces/msg/detail/hardware_status__functions.h
[9.306s] -- Installing: /home/yousif/example_ros2/install/my_robot_interfaces/include/my_robot_interfaces/my_robot_interfaces/msg/detail/hardware_status__functions.c
[9.306s] -- Installing: /home/yousif/example_ros2/install/my_robot_interfaces/include/my_robot_interfaces/my_robot_interfaces/msg/detail/hardware_status__type_support.h
[9.306s] -- Installing: /home/yousif/example_ros2/install/my_robot_interfaces/include/my_robot_interfaces/my_robot_interfaces/msg/detail/led_state_array__struct.h
[9.307s] -- Installing: /home/yousif/example_ros2/install/my_robot_interfaces/include/my_robot_interfaces/my_robot_interfaces/msg/detail/led_state_array__type_support.h
[9.307s] -- Installing: /home/yousif/example_ros2/install/my_robot_interfaces/include/my_robot_interfaces/my_robot_interfaces/msg/detail/hardware_status__struct.h
[9.307s] -- Installing: /home/yousif/example_ros2/install/my_robot_interfaces/include/my_robot_interfaces/my_robot_interfaces/msg/detail/led_state_array__functions.c
[9.307s] -- Installing: /home/yousif/example_ros2/install/my_robot_interfaces/include/my_robot_interfaces/my_robot_interfaces/msg/led_state_array.h
[9.308s] -- Installing: /home/yousif/example_ros2/install/my_robot_interfaces/include/my_robot_interfaces/my_robot_interfaces/msg/hardware_status.h
[9.308s] -- Installing: /home/yousif/example_ros2/install/my_robot_interfaces/share/my_robot_interfaces/environment/library_path.sh
[9.309s] -- Installing: /home/yousif/example_ros2/install/my_robot_interfaces/share/my_robot_interfaces/environment/library_path.dsv
[9.309s] -- Installing: /home/yousif/example_ros2/install/my_robot_interfaces/lib/libmy_robot_interfaces__rosidl_generator_c.so
[9.310s] -- Set runtime path of "/home/yousif/example_ros2/install/my_robot_interfaces/lib/libmy_robot_interfaces__rosidl_generator_c.so" to ""
[9.310s] -- Up-to-date: /home/yousif/example_ros2/install/my_robot_interfaces/include/my_robot_interfaces/my_robot_interfaces
[9.310s] -- Up-to-date: /home/yousif/example_ros2/install/my_robot_interfaces/include/my_robot_interfaces/my_robot_interfaces/srv
[9.310s] -- Up-to-date: /home/yousif/example_ros2/install/my_robot_interfaces/include/my_robot_interfaces/my_robot_interfaces/srv/detail
[9.311s] -- Installing: /home/yousif/example_ros2/install/my_robot_interfaces/include/my_robot_interfaces/my_robot_interfaces/srv/detail/compute_rectangle_area__rosidl_typesupport_fastrtps_c.h
[9.311s] -- Installing: /home/yousif/example_ros2/install/my_robot_interfaces/include/my_robot_interfaces/my_robot_interfaces/srv/detail/set_led__rosidl_typesupport_fastrtps_c.h
[9.311s] -- Up-to-date: /home/yousif/example_ros2/install/my_robot_interfaces/include/my_robot_interfaces/my_robot_interfaces/msg
[9.311s] -- Installing: /home/yousif/example_ros2/install/my_robot_interfaces/include/my_robot_interfaces/my_robot_interfaces/msg/rosidl_typesupport_fastrtps_c__visibility_control.h
[9.311s] -- Up-to-date: /home/yousif/example_ros2/install/my_robot_interfaces/include/my_robot_interfaces/my_robot_interfaces/msg/detail
[9.312s] -- Installing: /home/yousif/example_ros2/install/my_robot_interfaces/include/my_robot_interfaces/my_robot_interfaces/msg/detail/led_state_array__rosidl_typesupport_fastrtps_c.h
[9.312s] -- Installing: /home/yousif/example_ros2/install/my_robot_interfaces/include/my_robot_interfaces/my_robot_interfaces/msg/detail/hardware_status__rosidl_typesupport_fastrtps_c.h
[9.312s] -- Installing: /home/yousif/example_ros2/install/my_robot_interfaces/lib/libmy_robot_interfaces__rosidl_typesupport_fastrtps_c.so
[9.313s] -- Set runtime path of "/home/yousif/example_ros2/install/my_robot_interfaces/lib/libmy_robot_interfaces__rosidl_typesupport_fastrtps_c.so" to ""
[9.313s] -- Up-to-date: /home/yousif/example_ros2/install/my_robot_interfaces/include/my_robot_interfaces/my_robot_interfaces
[9.314s] -- Up-to-date: /home/yousif/example_ros2/install/my_robot_interfaces/include/my_robot_interfaces/my_robot_interfaces/srv
[9.314s] -- Up-to-date: /home/yousif/example_ros2/install/my_robot_interfaces/include/my_robot_interfaces/my_robot_interfaces/srv/detail
[9.314s] -- Installing: /home/yousif/example_ros2/install/my_robot_interfaces/include/my_robot_interfaces/my_robot_interfaces/srv/detail/set_led__rosidl_typesupport_introspection_c.h
[9.314s] -- Installing: /home/yousif/example_ros2/install/my_robot_interfaces/include/my_robot_interfaces/my_robot_interfaces/srv/detail/compute_rectangle_area__rosidl_typesupport_introspection_c.h
[9.315s] -- Installing: /home/yousif/example_ros2/install/my_robot_interfaces/include/my_robot_interfaces/my_robot_interfaces/srv/detail/compute_rectangle_area__type_support.c
[9.315s] -- Installing: /home/yousif/example_ros2/install/my_robot_interfaces/include/my_robot_interfaces/my_robot_interfaces/srv/detail/set_led__type_support.c
[9.315s] -- Up-to-date: /home/yousif/example_ros2/install/my_robot_interfaces/include/my_robot_interfaces/my_robot_interfaces/msg
[9.316s] -- Up-to-date: /home/yousif/example_ros2/install/my_robot_interfaces/include/my_robot_interfaces/my_robot_interfaces/msg/detail
[9.316s] -- Installing: /home/yousif/example_ros2/install/my_robot_interfaces/include/my_robot_interfaces/my_robot_interfaces/msg/detail/led_state_array__rosidl_typesupport_introspection_c.h
[9.316s] -- Installing: /home/yousif/example_ros2/install/my_robot_interfaces/include/my_robot_interfaces/my_robot_interfaces/msg/detail/hardware_status__type_support.c
[9.316s] -- Installing: /home/yousif/example_ros2/install/my_robot_interfaces/include/my_robot_interfaces/my_robot_interfaces/msg/detail/hardware_status__rosidl_typesupport_introspection_c.h
[9.316s] -- Installing: /home/yousif/example_ros2/install/my_robot_interfaces/include/my_robot_interfaces/my_robot_interfaces/msg/detail/led_state_array__type_support.c
[9.316s] -- Installing: /home/yousif/example_ros2/install/my_robot_interfaces/include/my_robot_interfaces/my_robot_interfaces/msg/rosidl_typesupport_introspection_c__visibility_control.h
[9.317s] -- Installing: /home/yousif/example_ros2/install/my_robot_interfaces/lib/libmy_robot_interfaces__rosidl_typesupport_introspection_c.so
[9.317s] -- Set runtime path of "/home/yousif/example_ros2/install/my_robot_interfaces/lib/libmy_robot_interfaces__rosidl_typesupport_introspection_c.so" to ""
[9.318s] -- Installing: /home/yousif/example_ros2/install/my_robot_interfaces/lib/libmy_robot_interfaces__rosidl_typesupport_c.so
[9.319s] -- Set runtime path of "/home/yousif/example_ros2/install/my_robot_interfaces/lib/libmy_robot_interfaces__rosidl_typesupport_c.so" to ""
[9.319s] -- Up-to-date: /home/yousif/example_ros2/install/my_robot_interfaces/include/my_robot_interfaces/my_robot_interfaces
[9.319s] -- Up-to-date: /home/yousif/example_ros2/install/my_robot_interfaces/include/my_robot_interfaces/my_robot_interfaces/srv
[9.319s] -- Up-to-date: /home/yousif/example_ros2/install/my_robot_interfaces/include/my_robot_interfaces/my_robot_interfaces/srv/detail
[9.320s] -- Installing: /home/yousif/example_ros2/install/my_robot_interfaces/include/my_robot_interfaces/my_robot_interfaces/srv/detail/set_led__traits.hpp
[9.320s] -- Installing: /home/yousif/example_ros2/install/my_robot_interfaces/include/my_robot_interfaces/my_robot_interfaces/srv/detail/compute_rectangle_area__builder.hpp
[9.320s] -- Installing: /home/yousif/example_ros2/install/my_robot_interfaces/include/my_robot_interfaces/my_robot_interfaces/srv/detail/compute_rectangle_area__struct.hpp
[9.320s] -- Installing: /home/yousif/example_ros2/install/my_robot_interfaces/include/my_robot_interfaces/my_robot_interfaces/srv/detail/compute_rectangle_area__traits.hpp
[9.320s] -- Installing: /home/yousif/example_ros2/install/my_robot_interfaces/include/my_robot_interfaces/my_robot_interfaces/srv/detail/set_led__struct.hpp
[9.321s] -- Installing: /home/yousif/example_ros2/install/my_robot_interfaces/include/my_robot_interfaces/my_robot_interfaces/srv/detail/set_led__builder.hpp
[9.321s] -- Installing: /home/yousif/example_ros2/install/my_robot_interfaces/include/my_robot_interfaces/my_robot_interfaces/srv/set_led.hpp
[9.321s] -- Installing: /home/yousif/example_ros2/install/my_robot_interfaces/include/my_robot_interfaces/my_robot_interfaces/srv/compute_rectangle_area.hpp
[9.321s] -- Up-to-date: /home/yousif/example_ros2/install/my_robot_interfaces/include/my_robot_interfaces/my_robot_interfaces/msg
[9.321s] -- Installing: /home/yousif/example_ros2/install/my_robot_interfaces/include/my_robot_interfaces/my_robot_interfaces/msg/hardware_status.hpp
[9.322s] -- Up-to-date: /home/yousif/example_ros2/install/my_robot_interfaces/include/my_robot_interfaces/my_robot_interfaces/msg/detail
[9.322s] -- Installing: /home/yousif/example_ros2/install/my_robot_interfaces/include/my_robot_interfaces/my_robot_interfaces/msg/detail/hardware_status__struct.hpp
[9.322s] -- Installing: /home/yousif/example_ros2/install/my_robot_interfaces/include/my_robot_interfaces/my_robot_interfaces/msg/detail/hardware_status__builder.hpp
[9.322s] -- Installing: /home/yousif/example_ros2/install/my_robot_interfaces/include/my_robot_interfaces/my_robot_interfaces/msg/detail/led_state_array__struct.hpp
[9.322s] -- Installing: /home/yousif/example_ros2/install/my_robot_interfaces/include/my_robot_interfaces/my_robot_interfaces/msg/detail/led_state_array__traits.hpp
[9.323s] -- Installing: /home/yousif/example_ros2/install/my_robot_interfaces/include/my_robot_interfaces/my_robot_interfaces/msg/detail/hardware_status__traits.hpp
[9.323s] -- Installing: /home/yousif/example_ros2/install/my_robot_interfaces/include/my_robot_interfaces/my_robot_interfaces/msg/detail/led_state_array__builder.hpp
[9.323s] -- Installing: /home/yousif/example_ros2/install/my_robot_interfaces/include/my_robot_interfaces/my_robot_interfaces/msg/led_state_array.hpp
[9.324s] -- Up-to-date: /home/yousif/example_ros2/install/my_robot_interfaces/include/my_robot_interfaces/my_robot_interfaces
[9.324s] -- Up-to-date: /home/yousif/example_ros2/install/my_robot_interfaces/include/my_robot_interfaces/my_robot_interfaces/srv
[9.324s] -- Up-to-date: /home/yousif/example_ros2/install/my_robot_interfaces/include/my_robot_interfaces/my_robot_interfaces/srv/detail
[9.325s] -- Installing: /home/yousif/example_ros2/install/my_robot_interfaces/include/my_robot_interfaces/my_robot_interfaces/srv/detail/set_led__rosidl_typesupport_fastrtps_cpp.hpp
[9.325s] -- Installing: /home/yousif/example_ros2/install/my_robot_interfaces/include/my_robot_interfaces/my_robot_interfaces/srv/detail/dds_fastrtps
[9.325s] -- Installing: /home/yousif/example_ros2/install/my_robot_interfaces/include/my_robot_interfaces/my_robot_interfaces/srv/detail/compute_rectangle_area__rosidl_typesupport_fastrtps_cpp.hpp
[9.325s] -- Up-to-date: /home/yousif/example_ros2/install/my_robot_interfaces/include/my_robot_interfaces/my_robot_interfaces/msg
[9.325s] -- Installing: /home/yousif/example_ros2/install/my_robot_interfaces/include/my_robot_interfaces/my_robot_interfaces/msg/rosidl_typesupport_fastrtps_cpp__visibility_control.h
[9.325s] -- Up-to-date: /home/yousif/example_ros2/install/my_robot_interfaces/include/my_robot_interfaces/my_robot_interfaces/msg/detail
[9.326s] -- Installing: /home/yousif/example_ros2/install/my_robot_interfaces/include/my_robot_interfaces/my_robot_interfaces/msg/detail/hardware_status__rosidl_typesupport_fastrtps_cpp.hpp
[9.326s] -- Installing: /home/yousif/example_ros2/install/my_robot_interfaces/include/my_robot_interfaces/my_robot_interfaces/msg/detail/led_state_array__rosidl_typesupport_fastrtps_cpp.hpp
[9.326s] -- Installing: /home/yousif/example_ros2/install/my_robot_interfaces/include/my_robot_interfaces/my_robot_interfaces/msg/detail/dds_fastrtps
[9.326s] -- Installing: /home/yousif/example_ros2/install/my_robot_interfaces/lib/libmy_robot_interfaces__rosidl_typesupport_fastrtps_cpp.so
[9.327s] -- Set runtime path of "/home/yousif/example_ros2/install/my_robot_interfaces/lib/libmy_robot_interfaces__rosidl_typesupport_fastrtps_cpp.so" to ""
[9.327s] -- Up-to-date: /home/yousif/example_ros2/install/my_robot_interfaces/include/my_robot_interfaces/my_robot_interfaces
[9.327s] -- Up-to-date: /home/yousif/example_ros2/install/my_robot_interfaces/include/my_robot_interfaces/my_robot_interfaces/srv
[9.328s] -- Up-to-date: /home/yousif/example_ros2/install/my_robot_interfaces/include/my_robot_interfaces/my_robot_interfaces/srv/detail
[9.328s] -- Installing: /home/yousif/example_ros2/install/my_robot_interfaces/include/my_robot_interfaces/my_robot_interfaces/srv/detail/compute_rectangle_area__rosidl_typesupport_introspection_cpp.hpp
[9.328s] -- Installing: /home/yousif/example_ros2/install/my_robot_interfaces/include/my_robot_interfaces/my_robot_interfaces/srv/detail/set_led__rosidl_typesupport_introspection_cpp.hpp
[9.328s] -- Installing: /home/yousif/example_ros2/install/my_robot_interfaces/include/my_robot_interfaces/my_robot_interfaces/srv/detail/compute_rectangle_area__type_support.cpp
[9.328s] -- Installing: /home/yousif/example_ros2/install/my_robot_interfaces/include/my_robot_interfaces/my_robot_interfaces/srv/detail/set_led__type_support.cpp
[9.329s] -- Up-to-date: /home/yousif/example_ros2/install/my_robot_interfaces/include/my_robot_interfaces/my_robot_interfaces/msg
[9.329s] -- Up-to-date: /home/yousif/example_ros2/install/my_robot_interfaces/include/my_robot_interfaces/my_robot_interfaces/msg/detail
[9.329s] -- Installing: /home/yousif/example_ros2/install/my_robot_interfaces/include/my_robot_interfaces/my_robot_interfaces/msg/detail/hardware_status__rosidl_typesupport_introspection_cpp.hpp
[9.330s] -- Installing: /home/yousif/example_ros2/install/my_robot_interfaces/include/my_robot_interfaces/my_robot_interfaces/msg/detail/led_state_array__type_support.cpp
[9.330s] -- Installing: /home/yousif/example_ros2/install/my_robot_interfaces/include/my_robot_interfaces/my_robot_interfaces/msg/detail/led_state_array__rosidl_typesupport_introspection_cpp.hpp
[9.330s] -- Installing: /home/yousif/example_ros2/install/my_robot_interfaces/include/my_robot_interfaces/my_robot_interfaces/msg/detail/hardware_status__type_support.cpp
[9.330s] -- Installing: /home/yousif/example_ros2/install/my_robot_interfaces/lib/libmy_robot_interfaces__rosidl_typesupport_introspection_cpp.so
[9.331s] -- Set runtime path of "/home/yousif/example_ros2/install/my_robot_interfaces/lib/libmy_robot_interfaces__rosidl_typesupport_introspection_cpp.so" to ""
[9.332s] -- Installing: /home/yousif/example_ros2/install/my_robot_interfaces/lib/libmy_robot_interfaces__rosidl_typesupport_cpp.so
[9.332s] -- Set runtime path of "/home/yousif/example_ros2/install/my_robot_interfaces/lib/libmy_robot_interfaces__rosidl_typesupport_cpp.so" to ""
[9.333s] -- Installing: /home/yousif/example_ros2/install/my_robot_interfaces/share/my_robot_interfaces/environment/pythonpath.sh
[9.333s] -- Installing: /home/yousif/example_ros2/install/my_robot_interfaces/share/my_robot_interfaces/environment/pythonpath.dsv
[9.333s] -- Installing: /home/yousif/example_ros2/install/my_robot_interfaces/local/lib/python3.10/dist-packages/my_robot_interfaces-0.0.0-py3.10.egg-info
[9.334s] -- Installing: /home/yousif/example_ros2/install/my_robot_interfaces/local/lib/python3.10/dist-packages/my_robot_interfaces-0.0.0-py3.10.egg-info/dependency_links.txt
[9.334s] -- Installing: /home/yousif/example_ros2/install/my_robot_interfaces/local/lib/python3.10/dist-packages/my_robot_interfaces-0.0.0-py3.10.egg-info/PKG-INFO
[9.334s] -- Installing: /home/yousif/example_ros2/install/my_robot_interfaces/local/lib/python3.10/dist-packages/my_robot_interfaces-0.0.0-py3.10.egg-info/top_level.txt
[9.334s] -- Installing: /home/yousif/example_ros2/install/my_robot_interfaces/local/lib/python3.10/dist-packages/my_robot_interfaces-0.0.0-py3.10.egg-info/SOURCES.txt
[9.335s] -- Installing: /home/yousif/example_ros2/install/my_robot_interfaces/local/lib/python3.10/dist-packages/my_robot_interfaces
[9.335s] -- Installing: /home/yousif/example_ros2/install/my_robot_interfaces/local/lib/python3.10/dist-packages/my_robot_interfaces/_my_robot_interfaces_s.ep.rosidl_typesupport_c.c
[9.335s] -- Installing: /home/yousif/example_ros2/install/my_robot_interfaces/local/lib/python3.10/dist-packages/my_robot_interfaces/_my_robot_interfaces_s.ep.rosidl_typesupport_fastrtps_c.c
[9.335s] -- Installing: /home/yousif/example_ros2/install/my_robot_interfaces/local/lib/python3.10/dist-packages/my_robot_interfaces/my_robot_interfaces_s__rosidl_typesupport_fastrtps_c.cpython-310-x86_64-linux-gnu.so
[9.336s] -- Installing: /home/yousif/example_ros2/install/my_robot_interfaces/local/lib/python3.10/dist-packages/my_robot_interfaces/__init__.py
[9.336s] -- Installing: /home/yousif/example_ros2/install/my_robot_interfaces/local/lib/python3.10/dist-packages/my_robot_interfaces/srv
[9.336s] -- Installing: /home/yousif/example_ros2/install/my_robot_interfaces/local/lib/python3.10/dist-packages/my_robot_interfaces/srv/__init__.py
[9.336s] -- Installing: /home/yousif/example_ros2/install/my_robot_interfaces/local/lib/python3.10/dist-packages/my_robot_interfaces/srv/_compute_rectangle_area_s.c
[9.337s] -- Installing: /home/yousif/example_ros2/install/my_robot_interfaces/local/lib/python3.10/dist-packages/my_robot_interfaces/srv/_compute_rectangle_area.py
[9.337s] -- Installing: /home/yousif/example_ros2/install/my_robot_interfaces/local/lib/python3.10/dist-packages/my_robot_interfaces/srv/_set_led.py
[9.337s] -- Installing: /home/yousif/example_ros2/install/my_robot_interfaces/local/lib/python3.10/dist-packages/my_robot_interfaces/srv/_set_led_s.c
[9.338s] -- Installing: /home/yousif/example_ros2/install/my_robot_interfaces/local/lib/python3.10/dist-packages/my_robot_interfaces/my_robot_interfaces_s__rosidl_typesupport_introspection_c.cpython-310-x86_64-linux-gnu.so
[9.338s] -- Installing: /home/yousif/example_ros2/install/my_robot_interfaces/local/lib/python3.10/dist-packages/my_robot_interfaces/libmy_robot_interfaces__rosidl_generator_py.so
[9.338s] -- Installing: /home/yousif/example_ros2/install/my_robot_interfaces/local/lib/python3.10/dist-packages/my_robot_interfaces/my_robot_interfaces_s__rosidl_typesupport_c.cpython-310-x86_64-linux-gnu.so
[9.339s] -- Installing: /home/yousif/example_ros2/install/my_robot_interfaces/local/lib/python3.10/dist-packages/my_robot_interfaces/msg
[9.339s] -- Installing: /home/yousif/example_ros2/install/my_robot_interfaces/local/lib/python3.10/dist-packages/my_robot_interfaces/msg/__init__.py
[9.339s] -- Installing: /home/yousif/example_ros2/install/my_robot_interfaces/local/lib/python3.10/dist-packages/my_robot_interfaces/msg/_led_state_array_s.c
[9.339s] -- Installing: /home/yousif/example_ros2/install/my_robot_interfaces/local/lib/python3.10/dist-packages/my_robot_interfaces/msg/_hardware_status.py
[9.339s] -- Installing: /home/yousif/example_ros2/install/my_robot_interfaces/local/lib/python3.10/dist-packages/my_robot_interfaces/msg/_hardware_status_s.c
[9.340s] -- Installing: /home/yousif/example_ros2/install/my_robot_interfaces/local/lib/python3.10/dist-packages/my_robot_interfaces/msg/_led_state_array.py
[9.340s] -- Installing: /home/yousif/example_ros2/install/my_robot_interfaces/local/lib/python3.10/dist-packages/my_robot_interfaces/_my_robot_interfaces_s.ep.rosidl_typesupport_introspection_c.c
[9.421s] Listing '/home/yousif/example_ros2/install/my_robot_interfaces/local/lib/python3.10/dist-packages/my_robot_interfaces'...
[9.421s] Compiling '/home/yousif/example_ros2/install/my_robot_interfaces/local/lib/python3.10/dist-packages/my_robot_interfaces/__init__.py'...
[9.421s] Listing '/home/yousif/example_ros2/install/my_robot_interfaces/local/lib/python3.10/dist-packages/my_robot_interfaces/msg'...
[9.421s] Compiling '/home/yousif/example_ros2/install/my_robot_interfaces/local/lib/python3.10/dist-packages/my_robot_interfaces/msg/__init__.py'...
[9.421s] Compiling '/home/yousif/example_ros2/install/my_robot_interfaces/local/lib/python3.10/dist-packages/my_robot_interfaces/msg/_hardware_status.py'...
[9.421s] Compiling '/home/yousif/example_ros2/install/my_robot_interfaces/local/lib/python3.10/dist-packages/my_robot_interfaces/msg/_led_state_array.py'...
[9.421s] Listing '/home/yousif/example_ros2/install/my_robot_interfaces/local/lib/python3.10/dist-packages/my_robot_interfaces/srv'...
[9.421s] Compiling '/home/yousif/example_ros2/install/my_robot_interfaces/local/lib/python3.10/dist-packages/my_robot_interfaces/srv/__init__.py'...
[9.422s] Compiling '/home/yousif/example_ros2/install/my_robot_interfaces/local/lib/python3.10/dist-packages/my_robot_interfaces/srv/_compute_rectangle_area.py'...
[9.422s] Compiling '/home/yousif/example_ros2/install/my_robot_interfaces/local/lib/python3.10/dist-packages/my_robot_interfaces/srv/_set_led.py'...
[9.430s] -- Installing: /home/yousif/example_ros2/install/my_robot_interfaces/local/lib/python3.10/dist-packages/my_robot_interfaces/my_robot_interfaces_s__rosidl_typesupport_fastrtps_c.cpython-310-x86_64-linux-gnu.so
[9.431s] -- Set runtime path of "/home/yousif/example_ros2/install/my_robot_interfaces/local/lib/python3.10/dist-packages/my_robot_interfaces/my_robot_interfaces_s__rosidl_typesupport_fastrtps_c.cpython-310-x86_64-linux-gnu.so" to ""
[9.431s] -- Installing: /home/yousif/example_ros2/install/my_robot_interfaces/local/lib/python3.10/dist-packages/my_robot_interfaces/my_robot_interfaces_s__rosidl_typesupport_introspection_c.cpython-310-x86_64-linux-gnu.so
[9.432s] -- Set runtime path of "/home/yousif/example_ros2/install/my_robot_interfaces/local/lib/python3.10/dist-packages/my_robot_interfaces/my_robot_interfaces_s__rosidl_typesupport_introspection_c.cpython-310-x86_64-linux-gnu.so" to ""
[9.432s] -- Installing: /home/yousif/example_ros2/install/my_robot_interfaces/local/lib/python3.10/dist-packages/my_robot_interfaces/my_robot_interfaces_s__rosidl_typesupport_c.cpython-310-x86_64-linux-gnu.so
[9.433s] -- Set runtime path of "/home/yousif/example_ros2/install/my_robot_interfaces/local/lib/python3.10/dist-packages/my_robot_interfaces/my_robot_interfaces_s__rosidl_typesupport_c.cpython-310-x86_64-linux-gnu.so" to ""
[9.434s] -- Installing: /home/yousif/example_ros2/install/my_robot_interfaces/lib/libmy_robot_interfaces__rosidl_generator_py.so
[9.434s] -- Set runtime path of "/home/yousif/example_ros2/install/my_robot_interfaces/lib/libmy_robot_interfaces__rosidl_generator_py.so" to ""
[9.435s] -- Installing: /home/yousif/example_ros2/install/my_robot_interfaces/share/my_robot_interfaces/msg/HardwareStatus.idl
[9.435s] -- Installing: /home/yousif/example_ros2/install/my_robot_interfaces/share/my_robot_interfaces/msg/LedStateArray.idl
[9.435s] -- Installing: /home/yousif/example_ros2/install/my_robot_interfaces/share/my_robot_interfaces/srv/ComputeRectangleArea.idl
[9.435s] -- Installing: /home/yousif/example_ros2/install/my_robot_interfaces/share/my_robot_interfaces/srv/SetLed.idl
[9.436s] -- Installing: /home/yousif/example_ros2/install/my_robot_interfaces/share/my_robot_interfaces/msg/HardwareStatus.msg
[9.436s] -- Installing: /home/yousif/example_ros2/install/my_robot_interfaces/share/my_robot_interfaces/msg/LedStateArray.msg
[9.437s] -- Installing: /home/yousif/example_ros2/install/my_robot_interfaces/share/my_robot_interfaces/srv/ComputeRectangleArea.srv
[9.437s] -- Installing: /home/yousif/example_ros2/install/my_robot_interfaces/share/my_robot_interfaces/srv/ComputeRectangleArea_Request.msg
[9.437s] -- Installing: /home/yousif/example_ros2/install/my_robot_interfaces/share/my_robot_interfaces/srv/ComputeRectangleArea_Response.msg
[9.437s] -- Installing: /home/yousif/example_ros2/install/my_robot_interfaces/share/my_robot_interfaces/srv/SetLed.srv
[9.438s] -- Installing: /home/yousif/example_ros2/install/my_robot_interfaces/share/my_robot_interfaces/srv/SetLed_Request.msg
[9.438s] -- Installing: /home/yousif/example_ros2/install/my_robot_interfaces/share/my_robot_interfaces/srv/SetLed_Response.msg
[9.438s] -- Installing: /home/yousif/example_ros2/install/my_robot_interfaces/share/ament_index/resource_index/package_run_dependencies/my_robot_interfaces
[9.439s] -- Installing: /home/yousif/example_ros2/install/my_robot_interfaces/share/ament_index/resource_index/parent_prefix_path/my_robot_interfaces
[9.439s] -- Installing: /home/yousif/example_ros2/install/my_robot_interfaces/share/my_robot_interfaces/environment/ament_prefix_path.sh
[9.439s] -- Installing: /home/yousif/example_ros2/install/my_robot_interfaces/share/my_robot_interfaces/environment/ament_prefix_path.dsv
[9.440s] -- Installing: /home/yousif/example_ros2/install/my_robot_interfaces/share/my_robot_interfaces/environment/path.sh
[9.440s] -- Installing: /home/yousif/example_ros2/install/my_robot_interfaces/share/my_robot_interfaces/environment/path.dsv
[9.440s] -- Installing: /home/yousif/example_ros2/install/my_robot_interfaces/share/my_robot_interfaces/local_setup.bash
[9.441s] -- Installing: /home/yousif/example_ros2/install/my_robot_interfaces/share/my_robot_interfaces/local_setup.sh
[9.441s] -- Installing: /home/yousif/example_ros2/install/my_robot_interfaces/share/my_robot_interfaces/local_setup.zsh
[9.441s] -- Installing: /home/yousif/example_ros2/install/my_robot_interfaces/share/my_robot_interfaces/local_setup.dsv
[9.442s] -- Installing: /home/yousif/example_ros2/install/my_robot_interfaces/share/my_robot_interfaces/package.dsv
[9.442s] -- Installing: /home/yousif/example_ros2/install/my_robot_interfaces/share/ament_index/resource_index/packages/my_robot_interfaces
[9.442s] -- Installing: /home/yousif/example_ros2/install/my_robot_interfaces/share/my_robot_interfaces/cmake/export_my_robot_interfaces__rosidl_generator_cExport.cmake
[9.443s] -- Installing: /home/yousif/example_ros2/install/my_robot_interfaces/share/my_robot_interfaces/cmake/export_my_robot_interfaces__rosidl_generator_cExport-noconfig.cmake
[9.443s] -- Installing: /home/yousif/example_ros2/install/my_robot_interfaces/share/my_robot_interfaces/cmake/export_my_robot_interfaces__rosidl_typesupport_fastrtps_cExport.cmake
[9.444s] -- Installing: /home/yousif/example_ros2/install/my_robot_interfaces/share/my_robot_interfaces/cmake/export_my_robot_interfaces__rosidl_typesupport_fastrtps_cExport-noconfig.cmake
[9.444s] -- Installing: /home/yousif/example_ros2/install/my_robot_interfaces/share/my_robot_interfaces/cmake/my_robot_interfaces__rosidl_typesupport_introspection_cExport.cmake
[9.444s] -- Installing: /home/yousif/example_ros2/install/my_robot_interfaces/share/my_robot_interfaces/cmake/my_robot_interfaces__rosidl_typesupport_introspection_cExport-noconfig.cmake
[9.444s] -- Installing: /home/yousif/example_ros2/install/my_robot_interfaces/share/my_robot_interfaces/cmake/my_robot_interfaces__rosidl_typesupport_cExport.cmake
[9.445s] -- Installing: /home/yousif/example_ros2/install/my_robot_interfaces/share/my_robot_interfaces/cmake/my_robot_interfaces__rosidl_typesupport_cExport-noconfig.cmake
[9.445s] -- Installing: /home/yousif/example_ros2/install/my_robot_interfaces/share/my_robot_interfaces/cmake/export_my_robot_interfaces__rosidl_generator_cppExport.cmake
[9.445s] -- Installing: /home/yousif/example_ros2/install/my_robot_interfaces/share/my_robot_interfaces/cmake/export_my_robot_interfaces__rosidl_typesupport_fastrtps_cppExport.cmake
[9.446s] -- Installing: /home/yousif/example_ros2/install/my_robot_interfaces/share/my_robot_interfaces/cmake/export_my_robot_interfaces__rosidl_typesupport_fastrtps_cppExport-noconfig.cmake
[9.446s] -- Installing: /home/yousif/example_ros2/install/my_robot_interfaces/share/my_robot_interfaces/cmake/my_robot_interfaces__rosidl_typesupport_introspection_cppExport.cmake
[9.446s] -- Installing: /home/yousif/example_ros2/install/my_robot_interfaces/share/my_robot_interfaces/cmake/my_robot_interfaces__rosidl_typesupport_introspection_cppExport-noconfig.cmake
[9.446s] -- Installing: /home/yousif/example_ros2/install/my_robot_interfaces/share/my_robot_interfaces/cmake/my_robot_interfaces__rosidl_typesupport_cppExport.cmake
[9.447s] -- Installing: /home/yousif/example_ros2/install/my_robot_interfaces/share/my_robot_interfaces/cmake/my_robot_interfaces__rosidl_typesupport_cppExport-noconfig.cmake
[9.447s] -- Installing: /home/yousif/example_ros2/install/my_robot_interfaces/share/my_robot_interfaces/cmake/export_my_robot_interfaces__rosidl_generator_pyExport.cmake
[9.447s] -- Installing: /home/yousif/example_ros2/install/my_robot_interfaces/share/my_robot_interfaces/cmake/export_my_robot_interfaces__rosidl_generator_pyExport-noconfig.cmake
[9.448s] -- Installing: /home/yousif/example_ros2/install/my_robot_interfaces/share/my_robot_interfaces/cmake/rosidl_cmake-extras.cmake
[9.448s] -- Installing: /home/yousif/example_ros2/install/my_robot_interfaces/share/my_robot_interfaces/cmake/ament_cmake_export_include_directories-extras.cmake
[9.448s] -- Installing: /home/yousif/example_ros2/install/my_robot_interfaces/share/my_robot_interfaces/cmake/ament_cmake_export_libraries-extras.cmake
[9.449s] -- Installing: /home/yousif/example_ros2/install/my_robot_interfaces/share/my_robot_interfaces/cmake/ament_cmake_export_targets-extras.cmake
[9.449s] -- Installing: /home/yousif/example_ros2/install/my_robot_interfaces/share/my_robot_interfaces/cmake/rosidl_cmake_export_typesupport_targets-extras.cmake
[9.449s] -- Installing: /home/yousif/example_ros2/install/my_robot_interfaces/share/my_robot_interfaces/cmake/ament_cmake_export_dependencies-extras.cmake
[9.449s] -- Installing: /home/yousif/example_ros2/install/my_robot_interfaces/share/my_robot_interfaces/cmake/rosidl_cmake_export_typesupport_libraries-extras.cmake
[9.450s] -- Installing: /home/yousif/example_ros2/install/my_robot_interfaces/share/my_robot_interfaces/cmake/my_robot_interfacesConfig.cmake
[9.450s] -- Installing: /home/yousif/example_ros2/install/my_robot_interfaces/share/my_robot_interfaces/cmake/my_robot_interfacesConfig-version.cmake
[9.450s] -- Installing: /home/yousif/example_ros2/install/my_robot_interfaces/share/my_robot_interfaces/package.xml
[9.455s] Invoked command in '/home/yousif/example_ros2/build/my_robot_interfaces' returned '0': CMAKE_PREFIX_PATH=${CMAKE_PREFIX_PATH}:/home/yousif/example_ros2/install/my_py_pkg:/home/yousif/ros2_ws_test/install/my_robot_controller:/opt/ros/humble /usr/bin/cmake --install /home/yousif/example_ros2/build/my_robot_interfaces
