[0.014s] Invoking command in '/home/yousif/example_ros2/build/my_robot_interfaces': CMAKE_PREFIX_PATH=${CMAKE_PREFIX_PATH}:/home/yousif/example_ros2/install/my_py_pkg:/home/yousif/ros2_ws_test/install/my_robot_controller:/opt/ros/humble /usr/bin/cmake --build /home/yousif/example_ros2/build/my_robot_interfaces -- -j8 -l8
[0.072s] [  1%] Built target my_robot_interfaces__cpp
[0.073s] [ 12%] Built target my_robot_interfaces__rosidl_generator_c
[0.086s] [ 12%] Built target ament_cmake_python_symlink_my_robot_interfaces
[0.108s] [ 23%] Built target my_robot_interfaces__rosidl_typesupport_c
[0.108s] [ 50%] Built target my_robot_interfaces__rosidl_typesupport_cpp
[0.108s] [ 50%] Built target my_robot_interfaces__rosidl_typesupport_fastrtps_cpp
[0.109s] [ 56%] Built target my_robot_interfaces__rosidl_typesupport_introspection_c
[0.109s] [ 67%] Built target my_robot_interfaces__rosidl_typesupport_introspection_cpp
[0.114s] [ 78%] Built target my_robot_interfaces__rosidl_typesupport_fastrtps_c
[0.137s] [ 78%] Built target my_robot_interfaces
[0.161s] [ 80%] Built target my_robot_interfaces__py
[0.187s] [ 89%] Built target my_robot_interfaces__rosidl_generator_py
[0.212s] [100%] Built target my_robot_interfaces__rosidl_typesupport_fastrtps_c__pyext
[0.212s] [100%] Built target my_robot_interfaces__rosidl_typesupport_c__pyext
[0.212s] [100%] Built target my_robot_interfaces__rosidl_typesupport_introspection_c__pyext
[0.371s] running egg_info
[0.372s] writing my_robot_interfaces.egg-info/PKG-INFO
[0.372s] writing dependency_links to my_robot_interfaces.egg-info/dependency_links.txt
[0.372s] writing top-level names to my_robot_interfaces.egg-info/top_level.txt
[0.374s] reading manifest file 'my_robot_interfaces.egg-info/SOURCES.txt'
[0.375s] writing manifest file 'my_robot_interfaces.egg-info/SOURCES.txt'
[0.404s] [100%] Built target ament_cmake_python_build_my_robot_interfaces_egg
[0.418s] Invoked command in '/home/yousif/example_ros2/build/my_robot_interfaces' returned '0': CMAKE_PREFIX_PATH=${CMAKE_PREFIX_PATH}:/home/yousif/example_ros2/install/my_py_pkg:/home/yousif/ros2_ws_test/install/my_robot_controller:/opt/ros/humble /usr/bin/cmake --build /home/yousif/example_ros2/build/my_robot_interfaces -- -j8 -l8
[0.580s] Invoking command in '/home/yousif/example_ros2/build/my_robot_interfaces': CMAKE_PREFIX_PATH=${CMAKE_PREFIX_PATH}:/home/yousif/example_ros2/install/my_py_pkg:/home/yousif/ros2_ws_test/install/my_robot_controller:/opt/ros/humble /usr/bin/cmake --install /home/yousif/example_ros2/build/my_robot_interfaces
[0.590s] -- Install configuration: ""
[0.591s] -- Execute custom install script
[0.591s] -- Up-to-date symlink: /home/yousif/example_ros2/install/my_robot_interfaces/share/ament_index/resource_index/rosidl_interfaces/my_robot_interfaces
[0.592s] -- Up-to-date symlink: /home/yousif/example_ros2/install/my_robot_interfaces/include/my_robot_interfaces/my_robot_interfaces/msg/detail/hardware_status__functions.h
[0.592s] -- Up-to-date symlink: /home/yousif/example_ros2/install/my_robot_interfaces/include/my_robot_interfaces/my_robot_interfaces/msg/detail/hardware_status__struct.h
[0.592s] -- Up-to-date symlink: /home/yousif/example_ros2/install/my_robot_interfaces/include/my_robot_interfaces/my_robot_interfaces/msg/detail/hardware_status__type_support.h
[0.593s] -- Up-to-date symlink: /home/yousif/example_ros2/install/my_robot_interfaces/include/my_robot_interfaces/my_robot_interfaces/msg/detail/led_state_array__functions.h
[0.593s] -- Up-to-date symlink: /home/yousif/example_ros2/install/my_robot_interfaces/include/my_robot_interfaces/my_robot_interfaces/msg/detail/led_state_array__struct.h
[0.593s] -- Up-to-date symlink: /home/yousif/example_ros2/install/my_robot_interfaces/include/my_robot_interfaces/my_robot_interfaces/msg/detail/led_state_array__type_support.h
[0.593s] -- Up-to-date symlink: /home/yousif/example_ros2/install/my_robot_interfaces/include/my_robot_interfaces/my_robot_interfaces/msg/hardware_status.h
[0.593s] -- Up-to-date symlink: /home/yousif/example_ros2/install/my_robot_interfaces/include/my_robot_interfaces/my_robot_interfaces/msg/led_state_array.h
[0.593s] -- Up-to-date symlink: /home/yousif/example_ros2/install/my_robot_interfaces/include/my_robot_interfaces/my_robot_interfaces/msg/rosidl_generator_c__visibility_control.h
[0.594s] -- Up-to-date symlink: /home/yousif/example_ros2/install/my_robot_interfaces/include/my_robot_interfaces/my_robot_interfaces/srv/compute_rectangle_area.h
[0.594s] -- Up-to-date symlink: /home/yousif/example_ros2/install/my_robot_interfaces/include/my_robot_interfaces/my_robot_interfaces/srv/detail/compute_rectangle_area__functions.h
[0.594s] -- Up-to-date symlink: /home/yousif/example_ros2/install/my_robot_interfaces/include/my_robot_interfaces/my_robot_interfaces/srv/detail/compute_rectangle_area__struct.h
[0.594s] -- Up-to-date symlink: /home/yousif/example_ros2/install/my_robot_interfaces/include/my_robot_interfaces/my_robot_interfaces/srv/detail/compute_rectangle_area__type_support.h
[0.594s] -- Up-to-date symlink: /home/yousif/example_ros2/install/my_robot_interfaces/include/my_robot_interfaces/my_robot_interfaces/srv/detail/set_led__functions.h
[0.594s] -- Up-to-date symlink: /home/yousif/example_ros2/install/my_robot_interfaces/include/my_robot_interfaces/my_robot_interfaces/srv/detail/set_led__struct.h
[0.594s] -- Up-to-date symlink: /home/yousif/example_ros2/install/my_robot_interfaces/include/my_robot_interfaces/my_robot_interfaces/srv/detail/set_led__type_support.h
[0.594s] -- Up-to-date symlink: /home/yousif/example_ros2/install/my_robot_interfaces/include/my_robot_interfaces/my_robot_interfaces/srv/set_led.h
[0.594s] -- Up-to-date symlink: /home/yousif/example_ros2/install/my_robot_interfaces/share/my_robot_interfaces/environment/library_path.sh
[0.595s] -- Up-to-date symlink: /home/yousif/example_ros2/install/my_robot_interfaces/share/my_robot_interfaces/environment/library_path.dsv
[0.595s] -- Up-to-date symlink: /home/yousif/example_ros2/install/my_robot_interfaces/include/my_robot_interfaces/my_robot_interfaces/msg/detail/hardware_status__rosidl_typesupport_fastrtps_c.h
[0.596s] -- Up-to-date symlink: /home/yousif/example_ros2/install/my_robot_interfaces/include/my_robot_interfaces/my_robot_interfaces/msg/detail/led_state_array__rosidl_typesupport_fastrtps_c.h
[0.596s] -- Up-to-date symlink: /home/yousif/example_ros2/install/my_robot_interfaces/include/my_robot_interfaces/my_robot_interfaces/msg/rosidl_typesupport_fastrtps_c__visibility_control.h
[0.596s] -- Up-to-date symlink: /home/yousif/example_ros2/install/my_robot_interfaces/include/my_robot_interfaces/my_robot_interfaces/srv/detail/compute_rectangle_area__rosidl_typesupport_fastrtps_c.h
[0.596s] -- Up-to-date symlink: /home/yousif/example_ros2/install/my_robot_interfaces/include/my_robot_interfaces/my_robot_interfaces/srv/detail/set_led__rosidl_typesupport_fastrtps_c.h
[0.597s] -- Up-to-date symlink: /home/yousif/example_ros2/install/my_robot_interfaces/include/my_robot_interfaces/my_robot_interfaces/msg/detail/hardware_status__rosidl_typesupport_introspection_c.h
[0.597s] -- Up-to-date symlink: /home/yousif/example_ros2/install/my_robot_interfaces/include/my_robot_interfaces/my_robot_interfaces/msg/detail/led_state_array__rosidl_typesupport_introspection_c.h
[0.597s] -- Up-to-date symlink: /home/yousif/example_ros2/install/my_robot_interfaces/include/my_robot_interfaces/my_robot_interfaces/msg/rosidl_typesupport_introspection_c__visibility_control.h
[0.597s] -- Up-to-date symlink: /home/yousif/example_ros2/install/my_robot_interfaces/include/my_robot_interfaces/my_robot_interfaces/srv/detail/compute_rectangle_area__rosidl_typesupport_introspection_c.h
[0.597s] -- Up-to-date symlink: /home/yousif/example_ros2/install/my_robot_interfaces/include/my_robot_interfaces/my_robot_interfaces/srv/detail/set_led__rosidl_typesupport_introspection_c.h
[0.598s] -- Up-to-date symlink: /home/yousif/example_ros2/install/my_robot_interfaces/include/my_robot_interfaces/my_robot_interfaces/msg/detail/hardware_status__builder.hpp
[0.598s] -- Up-to-date symlink: /home/yousif/example_ros2/install/my_robot_interfaces/include/my_robot_interfaces/my_robot_interfaces/msg/detail/hardware_status__struct.hpp
[0.598s] -- Up-to-date symlink: /home/yousif/example_ros2/install/my_robot_interfaces/include/my_robot_interfaces/my_robot_interfaces/msg/detail/hardware_status__traits.hpp
[0.598s] -- Up-to-date symlink: /home/yousif/example_ros2/install/my_robot_interfaces/include/my_robot_interfaces/my_robot_interfaces/msg/detail/led_state_array__builder.hpp
[0.598s] -- Up-to-date symlink: /home/yousif/example_ros2/install/my_robot_interfaces/include/my_robot_interfaces/my_robot_interfaces/msg/detail/led_state_array__struct.hpp
[0.598s] -- Up-to-date symlink: /home/yousif/example_ros2/install/my_robot_interfaces/include/my_robot_interfaces/my_robot_interfaces/msg/detail/led_state_array__traits.hpp
[0.599s] -- Up-to-date symlink: /home/yousif/example_ros2/install/my_robot_interfaces/include/my_robot_interfaces/my_robot_interfaces/msg/hardware_status.hpp
[0.599s] -- Up-to-date symlink: /home/yousif/example_ros2/install/my_robot_interfaces/include/my_robot_interfaces/my_robot_interfaces/msg/led_state_array.hpp
[0.599s] -- Up-to-date symlink: /home/yousif/example_ros2/install/my_robot_interfaces/include/my_robot_interfaces/my_robot_interfaces/srv/compute_rectangle_area.hpp
[0.599s] -- Up-to-date symlink: /home/yousif/example_ros2/install/my_robot_interfaces/include/my_robot_interfaces/my_robot_interfaces/srv/detail/compute_rectangle_area__builder.hpp
[0.599s] -- Up-to-date symlink: /home/yousif/example_ros2/install/my_robot_interfaces/include/my_robot_interfaces/my_robot_interfaces/srv/detail/compute_rectangle_area__struct.hpp
[0.599s] -- Up-to-date symlink: /home/yousif/example_ros2/install/my_robot_interfaces/include/my_robot_interfaces/my_robot_interfaces/srv/detail/compute_rectangle_area__traits.hpp
[0.600s] -- Up-to-date symlink: /home/yousif/example_ros2/install/my_robot_interfaces/include/my_robot_interfaces/my_robot_interfaces/srv/detail/set_led__builder.hpp
[0.600s] -- Up-to-date symlink: /home/yousif/example_ros2/install/my_robot_interfaces/include/my_robot_interfaces/my_robot_interfaces/srv/detail/set_led__struct.hpp
[0.600s] -- Up-to-date symlink: /home/yousif/example_ros2/install/my_robot_interfaces/include/my_robot_interfaces/my_robot_interfaces/srv/detail/set_led__traits.hpp
[0.600s] -- Up-to-date symlink: /home/yousif/example_ros2/install/my_robot_interfaces/include/my_robot_interfaces/my_robot_interfaces/srv/set_led.hpp
[0.600s] -- Up-to-date symlink: /home/yousif/example_ros2/install/my_robot_interfaces/include/my_robot_interfaces/my_robot_interfaces/msg/detail/hardware_status__rosidl_typesupport_fastrtps_cpp.hpp
[0.600s] -- Up-to-date symlink: /home/yousif/example_ros2/install/my_robot_interfaces/include/my_robot_interfaces/my_robot_interfaces/msg/detail/led_state_array__rosidl_typesupport_fastrtps_cpp.hpp
[0.600s] -- Up-to-date symlink: /home/yousif/example_ros2/install/my_robot_interfaces/include/my_robot_interfaces/my_robot_interfaces/msg/rosidl_typesupport_fastrtps_cpp__visibility_control.h
[0.601s] -- Up-to-date symlink: /home/yousif/example_ros2/install/my_robot_interfaces/include/my_robot_interfaces/my_robot_interfaces/srv/detail/compute_rectangle_area__rosidl_typesupport_fastrtps_cpp.hpp
[0.601s] -- Up-to-date symlink: /home/yousif/example_ros2/install/my_robot_interfaces/include/my_robot_interfaces/my_robot_interfaces/srv/detail/set_led__rosidl_typesupport_fastrtps_cpp.hpp
[0.601s] -- Up-to-date symlink: /home/yousif/example_ros2/install/my_robot_interfaces/include/my_robot_interfaces/my_robot_interfaces/msg/detail/hardware_status__rosidl_typesupport_introspection_cpp.hpp
[0.601s] -- Up-to-date symlink: /home/yousif/example_ros2/install/my_robot_interfaces/include/my_robot_interfaces/my_robot_interfaces/msg/detail/led_state_array__rosidl_typesupport_introspection_cpp.hpp
[0.601s] -- Up-to-date symlink: /home/yousif/example_ros2/install/my_robot_interfaces/include/my_robot_interfaces/my_robot_interfaces/srv/detail/compute_rectangle_area__rosidl_typesupport_introspection_cpp.hpp
[0.601s] -- Up-to-date symlink: /home/yousif/example_ros2/install/my_robot_interfaces/include/my_robot_interfaces/my_robot_interfaces/srv/detail/set_led__rosidl_typesupport_introspection_cpp.hpp
[0.602s] -- Up-to-date symlink: /home/yousif/example_ros2/install/my_robot_interfaces/share/my_robot_interfaces/environment/pythonpath.sh
[0.602s] -- Up-to-date symlink: /home/yousif/example_ros2/install/my_robot_interfaces/share/my_robot_interfaces/environment/pythonpath.dsv
[0.602s] -- Up-to-date symlink: /home/yousif/example_ros2/install/my_robot_interfaces/local/lib/python3.10/dist-packages/my_robot_interfaces-0.0.0-py3.10.egg-info/PKG-INFO
[0.602s] -- Up-to-date symlink: /home/yousif/example_ros2/install/my_robot_interfaces/local/lib/python3.10/dist-packages/my_robot_interfaces-0.0.0-py3.10.egg-info/SOURCES.txt
[0.602s] -- Up-to-date symlink: /home/yousif/example_ros2/install/my_robot_interfaces/local/lib/python3.10/dist-packages/my_robot_interfaces-0.0.0-py3.10.egg-info/dependency_links.txt
[0.602s] -- Up-to-date symlink: /home/yousif/example_ros2/install/my_robot_interfaces/local/lib/python3.10/dist-packages/my_robot_interfaces-0.0.0-py3.10.egg-info/top_level.txt
[0.603s] -- Up-to-date symlink: /home/yousif/example_ros2/install/my_robot_interfaces/local/lib/python3.10/dist-packages/my_robot_interfaces/__init__.py
[0.603s] -- Up-to-date symlink: /home/yousif/example_ros2/install/my_robot_interfaces/local/lib/python3.10/dist-packages/my_robot_interfaces/_my_robot_interfaces_s.ep.rosidl_typesupport_c.c
[0.603s] -- Up-to-date symlink: /home/yousif/example_ros2/install/my_robot_interfaces/local/lib/python3.10/dist-packages/my_robot_interfaces/_my_robot_interfaces_s.ep.rosidl_typesupport_fastrtps_c.c
[0.604s] -- Up-to-date symlink: /home/yousif/example_ros2/install/my_robot_interfaces/local/lib/python3.10/dist-packages/my_robot_interfaces/_my_robot_interfaces_s.ep.rosidl_typesupport_introspection_c.c
[0.604s] -- Up-to-date symlink: /home/yousif/example_ros2/install/my_robot_interfaces/local/lib/python3.10/dist-packages/my_robot_interfaces/libmy_robot_interfaces__rosidl_generator_py.so
[0.604s] -- Up-to-date symlink: /home/yousif/example_ros2/install/my_robot_interfaces/local/lib/python3.10/dist-packages/my_robot_interfaces/msg/__init__.py
[0.604s] -- Up-to-date symlink: /home/yousif/example_ros2/install/my_robot_interfaces/local/lib/python3.10/dist-packages/my_robot_interfaces/msg/_hardware_status.py
[0.604s] -- Up-to-date symlink: /home/yousif/example_ros2/install/my_robot_interfaces/local/lib/python3.10/dist-packages/my_robot_interfaces/msg/_hardware_status_s.c
[0.604s] -- Up-to-date symlink: /home/yousif/example_ros2/install/my_robot_interfaces/local/lib/python3.10/dist-packages/my_robot_interfaces/msg/_led_state_array.py
[0.605s] -- Up-to-date symlink: /home/yousif/example_ros2/install/my_robot_interfaces/local/lib/python3.10/dist-packages/my_robot_interfaces/msg/_led_state_array_s.c
[0.605s] -- Up-to-date symlink: /home/yousif/example_ros2/install/my_robot_interfaces/local/lib/python3.10/dist-packages/my_robot_interfaces/my_robot_interfaces_s__rosidl_typesupport_c.cpython-310-x86_64-linux-gnu.so
[0.605s] -- Up-to-date symlink: /home/yousif/example_ros2/install/my_robot_interfaces/local/lib/python3.10/dist-packages/my_robot_interfaces/my_robot_interfaces_s__rosidl_typesupport_fastrtps_c.cpython-310-x86_64-linux-gnu.so
[0.605s] -- Up-to-date symlink: /home/yousif/example_ros2/install/my_robot_interfaces/local/lib/python3.10/dist-packages/my_robot_interfaces/my_robot_interfaces_s__rosidl_typesupport_introspection_c.cpython-310-x86_64-linux-gnu.so
[0.605s] -- Up-to-date symlink: /home/yousif/example_ros2/install/my_robot_interfaces/local/lib/python3.10/dist-packages/my_robot_interfaces/srv/__init__.py
[0.605s] -- Up-to-date symlink: /home/yousif/example_ros2/install/my_robot_interfaces/local/lib/python3.10/dist-packages/my_robot_interfaces/srv/_compute_rectangle_area.py
[0.605s] -- Up-to-date symlink: /home/yousif/example_ros2/install/my_robot_interfaces/local/lib/python3.10/dist-packages/my_robot_interfaces/srv/_compute_rectangle_area_s.c
[0.605s] -- Up-to-date symlink: /home/yousif/example_ros2/install/my_robot_interfaces/local/lib/python3.10/dist-packages/my_robot_interfaces/srv/_set_led.py
[0.606s] -- Up-to-date symlink: /home/yousif/example_ros2/install/my_robot_interfaces/local/lib/python3.10/dist-packages/my_robot_interfaces/srv/_set_led_s.c
[0.606s] -- Up-to-date symlink: /home/yousif/example_ros2/install/my_robot_interfaces/local/lib/python3.10/dist-packages/my_robot_interfaces/my_robot_interfaces_s__rosidl_typesupport_fastrtps_c.cpython-310-x86_64-linux-gnu.so
[0.606s] -- Up-to-date symlink: /home/yousif/example_ros2/install/my_robot_interfaces/local/lib/python3.10/dist-packages/my_robot_interfaces/my_robot_interfaces_s__rosidl_typesupport_introspection_c.cpython-310-x86_64-linux-gnu.so
[0.606s] -- Up-to-date symlink: /home/yousif/example_ros2/install/my_robot_interfaces/local/lib/python3.10/dist-packages/my_robot_interfaces/my_robot_interfaces_s__rosidl_typesupport_c.cpython-310-x86_64-linux-gnu.so
[0.606s] -- Up-to-date symlink: /home/yousif/example_ros2/install/my_robot_interfaces/share/my_robot_interfaces/msg/HardwareStatus.idl
[0.606s] -- Up-to-date symlink: /home/yousif/example_ros2/install/my_robot_interfaces/share/my_robot_interfaces/msg/LedStateArray.idl
[0.606s] -- Up-to-date symlink: /home/yousif/example_ros2/install/my_robot_interfaces/share/my_robot_interfaces/srv/ComputeRectangleArea.idl
[0.606s] -- Up-to-date symlink: /home/yousif/example_ros2/install/my_robot_interfaces/share/my_robot_interfaces/srv/SetLed.idl
[0.607s] -- Up-to-date symlink: /home/yousif/example_ros2/install/my_robot_interfaces/share/my_robot_interfaces/msg/HardwareStatus.msg
[0.607s] -- Up-to-date symlink: /home/yousif/example_ros2/install/my_robot_interfaces/share/my_robot_interfaces/msg/LedStateArray.msg
[0.607s] -- Up-to-date symlink: /home/yousif/example_ros2/install/my_robot_interfaces/share/my_robot_interfaces/srv/ComputeRectangleArea.srv
[0.607s] -- Up-to-date symlink: /home/yousif/example_ros2/install/my_robot_interfaces/share/my_robot_interfaces/srv/ComputeRectangleArea_Request.msg
[0.607s] -- Up-to-date symlink: /home/yousif/example_ros2/install/my_robot_interfaces/share/my_robot_interfaces/srv/ComputeRectangleArea_Response.msg
[0.607s] -- Up-to-date symlink: /home/yousif/example_ros2/install/my_robot_interfaces/share/my_robot_interfaces/srv/SetLed.srv
[0.607s] -- Up-to-date symlink: /home/yousif/example_ros2/install/my_robot_interfaces/share/my_robot_interfaces/srv/SetLed_Request.msg
[0.608s] -- Up-to-date symlink: /home/yousif/example_ros2/install/my_robot_interfaces/share/my_robot_interfaces/srv/SetLed_Response.msg
[0.608s] -- Up-to-date symlink: /home/yousif/example_ros2/install/my_robot_interfaces/share/ament_index/resource_index/package_run_dependencies/my_robot_interfaces
[0.608s] -- Up-to-date symlink: /home/yousif/example_ros2/install/my_robot_interfaces/share/ament_index/resource_index/parent_prefix_path/my_robot_interfaces
[0.608s] -- Up-to-date symlink: /home/yousif/example_ros2/install/my_robot_interfaces/share/my_robot_interfaces/environment/ament_prefix_path.sh
[0.608s] -- Up-to-date symlink: /home/yousif/example_ros2/install/my_robot_interfaces/share/my_robot_interfaces/environment/ament_prefix_path.dsv
[0.608s] -- Up-to-date symlink: /home/yousif/example_ros2/install/my_robot_interfaces/share/my_robot_interfaces/environment/path.sh
[0.608s] -- Up-to-date symlink: /home/yousif/example_ros2/install/my_robot_interfaces/share/my_robot_interfaces/environment/path.dsv
[0.609s] -- Up-to-date symlink: /home/yousif/example_ros2/install/my_robot_interfaces/share/my_robot_interfaces/local_setup.bash
[0.609s] -- Up-to-date symlink: /home/yousif/example_ros2/install/my_robot_interfaces/share/my_robot_interfaces/local_setup.sh
[0.609s] -- Up-to-date symlink: /home/yousif/example_ros2/install/my_robot_interfaces/share/my_robot_interfaces/local_setup.zsh
[0.609s] -- Up-to-date symlink: /home/yousif/example_ros2/install/my_robot_interfaces/share/my_robot_interfaces/local_setup.dsv
[0.609s] -- Symlinking: /home/yousif/example_ros2/install/my_robot_interfaces/share/my_robot_interfaces/package.dsv
[0.619s] -- Up-to-date symlink: /home/yousif/example_ros2/install/my_robot_interfaces/share/ament_index/resource_index/packages/my_robot_interfaces
[0.619s] -- Up-to-date symlink: /home/yousif/example_ros2/install/my_robot_interfaces/share/my_robot_interfaces/cmake/rosidl_cmake-extras.cmake
[0.620s] -- Up-to-date symlink: /home/yousif/example_ros2/install/my_robot_interfaces/share/my_robot_interfaces/cmake/ament_cmake_export_include_directories-extras.cmake
[0.620s] -- Up-to-date symlink: /home/yousif/example_ros2/install/my_robot_interfaces/share/my_robot_interfaces/cmake/ament_cmake_export_libraries-extras.cmake
[0.620s] -- Up-to-date symlink: /home/yousif/example_ros2/install/my_robot_interfaces/share/my_robot_interfaces/cmake/ament_cmake_export_targets-extras.cmake
[0.620s] -- Up-to-date symlink: /home/yousif/example_ros2/install/my_robot_interfaces/share/my_robot_interfaces/cmake/rosidl_cmake_export_typesupport_targets-extras.cmake
[0.620s] -- Up-to-date symlink: /home/yousif/example_ros2/install/my_robot_interfaces/share/my_robot_interfaces/cmake/ament_cmake_export_dependencies-extras.cmake
[0.620s] -- Up-to-date symlink: /home/yousif/example_ros2/install/my_robot_interfaces/share/my_robot_interfaces/cmake/rosidl_cmake_export_typesupport_libraries-extras.cmake
[0.620s] -- Up-to-date symlink: /home/yousif/example_ros2/install/my_robot_interfaces/share/my_robot_interfaces/cmake/my_robot_interfacesConfig.cmake
[0.621s] -- Up-to-date symlink: /home/yousif/example_ros2/install/my_robot_interfaces/share/my_robot_interfaces/cmake/my_robot_interfacesConfig-version.cmake
[0.621s] -- Up-to-date symlink: /home/yousif/example_ros2/install/my_robot_interfaces/share/my_robot_interfaces/package.xml
[0.621s] -- Up-to-date: /home/yousif/example_ros2/install/my_robot_interfaces/lib/libmy_robot_interfaces__rosidl_generator_c.so
[0.621s] -- Up-to-date: /home/yousif/example_ros2/install/my_robot_interfaces/lib/libmy_robot_interfaces__rosidl_typesupport_fastrtps_c.so
[0.622s] -- Up-to-date: /home/yousif/example_ros2/install/my_robot_interfaces/lib/libmy_robot_interfaces__rosidl_typesupport_introspection_c.so
[0.622s] -- Up-to-date: /home/yousif/example_ros2/install/my_robot_interfaces/lib/libmy_robot_interfaces__rosidl_typesupport_c.so
[0.622s] -- Up-to-date: /home/yousif/example_ros2/install/my_robot_interfaces/lib/libmy_robot_interfaces__rosidl_typesupport_fastrtps_cpp.so
[0.623s] -- Up-to-date: /home/yousif/example_ros2/install/my_robot_interfaces/lib/libmy_robot_interfaces__rosidl_typesupport_introspection_cpp.so
[0.623s] -- Up-to-date: /home/yousif/example_ros2/install/my_robot_interfaces/lib/libmy_robot_interfaces__rosidl_typesupport_cpp.so
[0.657s] Listing '/home/yousif/example_ros2/install/my_robot_interfaces/local/lib/python3.10/dist-packages/my_robot_interfaces'...
[0.658s] Listing '/home/yousif/example_ros2/install/my_robot_interfaces/local/lib/python3.10/dist-packages/my_robot_interfaces/msg'...
[0.658s] Listing '/home/yousif/example_ros2/install/my_robot_interfaces/local/lib/python3.10/dist-packages/my_robot_interfaces/srv'...
[0.662s] -- Up-to-date: /home/yousif/example_ros2/install/my_robot_interfaces/lib/libmy_robot_interfaces__rosidl_generator_py.so
[0.662s] -- Up-to-date: /home/yousif/example_ros2/install/my_robot_interfaces/share/my_robot_interfaces/cmake/export_my_robot_interfaces__rosidl_generator_cExport.cmake
[0.662s] -- Up-to-date: /home/yousif/example_ros2/install/my_robot_interfaces/share/my_robot_interfaces/cmake/export_my_robot_interfaces__rosidl_generator_cExport-noconfig.cmake
[0.662s] -- Up-to-date: /home/yousif/example_ros2/install/my_robot_interfaces/share/my_robot_interfaces/cmake/export_my_robot_interfaces__rosidl_typesupport_fastrtps_cExport.cmake
[0.662s] -- Up-to-date: /home/yousif/example_ros2/install/my_robot_interfaces/share/my_robot_interfaces/cmake/export_my_robot_interfaces__rosidl_typesupport_fastrtps_cExport-noconfig.cmake
[0.662s] -- Up-to-date: /home/yousif/example_ros2/install/my_robot_interfaces/share/my_robot_interfaces/cmake/my_robot_interfaces__rosidl_typesupport_introspection_cExport.cmake
[0.662s] -- Up-to-date: /home/yousif/example_ros2/install/my_robot_interfaces/share/my_robot_interfaces/cmake/my_robot_interfaces__rosidl_typesupport_introspection_cExport-noconfig.cmake
[0.663s] -- Up-to-date: /home/yousif/example_ros2/install/my_robot_interfaces/share/my_robot_interfaces/cmake/my_robot_interfaces__rosidl_typesupport_cExport.cmake
[0.663s] -- Up-to-date: /home/yousif/example_ros2/install/my_robot_interfaces/share/my_robot_interfaces/cmake/my_robot_interfaces__rosidl_typesupport_cExport-noconfig.cmake
[0.663s] -- Up-to-date: /home/yousif/example_ros2/install/my_robot_interfaces/share/my_robot_interfaces/cmake/export_my_robot_interfaces__rosidl_generator_cppExport.cmake
[0.663s] -- Up-to-date: /home/yousif/example_ros2/install/my_robot_interfaces/share/my_robot_interfaces/cmake/export_my_robot_interfaces__rosidl_typesupport_fastrtps_cppExport.cmake
[0.663s] -- Up-to-date: /home/yousif/example_ros2/install/my_robot_interfaces/share/my_robot_interfaces/cmake/export_my_robot_interfaces__rosidl_typesupport_fastrtps_cppExport-noconfig.cmake
[0.663s] -- Up-to-date: /home/yousif/example_ros2/install/my_robot_interfaces/share/my_robot_interfaces/cmake/my_robot_interfaces__rosidl_typesupport_introspection_cppExport.cmake
[0.663s] -- Up-to-date: /home/yousif/example_ros2/install/my_robot_interfaces/share/my_robot_interfaces/cmake/my_robot_interfaces__rosidl_typesupport_introspection_cppExport-noconfig.cmake
[0.664s] -- Up-to-date: /home/yousif/example_ros2/install/my_robot_interfaces/share/my_robot_interfaces/cmake/my_robot_interfaces__rosidl_typesupport_cppExport.cmake
[0.664s] -- Up-to-date: /home/yousif/example_ros2/install/my_robot_interfaces/share/my_robot_interfaces/cmake/my_robot_interfaces__rosidl_typesupport_cppExport-noconfig.cmake
[0.664s] -- Up-to-date: /home/yousif/example_ros2/install/my_robot_interfaces/share/my_robot_interfaces/cmake/export_my_robot_interfaces__rosidl_generator_pyExport.cmake
[0.664s] -- Up-to-date: /home/yousif/example_ros2/install/my_robot_interfaces/share/my_robot_interfaces/cmake/export_my_robot_interfaces__rosidl_generator_pyExport-noconfig.cmake
[0.666s] Invoked command in '/home/yousif/example_ros2/build/my_robot_interfaces' returned '0': CMAKE_PREFIX_PATH=${CMAKE_PREFIX_PATH}:/home/yousif/example_ros2/install/my_py_pkg:/home/yousif/ros2_ws_test/install/my_robot_controller:/opt/ros/humble /usr/bin/cmake --install /home/yousif/example_ros2/build/my_robot_interfaces
