[0.012s] Invoking command in '/home/yousif/example_ros2/build/my_robot_interfaces': CMAKE_PREFIX_PATH=${CMAKE_PREFIX_PATH}:/home/yousif/example_ros2/install/my_py_pkg:/home/yousif/ros2_ws_test/install/my_robot_controller:/opt/ros/humble /usr/bin/cmake --build /home/yousif/example_ros2/build/my_robot_interfaces -- -j8 -l8
[0.037s] -- Found ament_cmake: 1.3.10 (/opt/ros/humble/share/ament_cmake/cmake)
[0.154s] -- Override CMake install command with custom implementation using symlinks instead of copying resources
[0.161s] -- Found rosidl_default_generators: 1.2.0 (/opt/ros/humble/share/rosidl_default_generators/cmake)
[0.163s] -- Using all available rosidl_typesupport_c: rosidl_typesupport_fastrtps_c;rosidl_typesupport_introspection_c
[0.166s] -- Found rosidl_adapter: 3.1.5 (/opt/ros/humble/share/rosidl_adapter/cmake)
[0.195s] -- Using all available rosidl_typesupport_cpp: rosidl_typesupport_fastrtps_cpp;rosidl_typesupport_introspection_cpp
[0.219s] -- Found ament_lint_auto: 0.12.11 (/opt/ros/humble/share/ament_lint_auto/cmake)
[0.475s] -- Found ament_cmake_ros: 0.10.0 (/opt/ros/humble/share/ament_cmake_ros/cmake)
[0.648s] -- Using all available rosidl_typesupport_c: rosidl_typesupport_fastrtps_c;rosidl_typesupport_introspection_c
[0.876s] -- Using all available rosidl_typesupport_cpp: rosidl_typesupport_fastrtps_cpp;rosidl_typesupport_introspection_cpp
[0.898s] -- Found python_cmake_module: 0.10.0 (/opt/ros/humble/share/python_cmake_module/cmake)
[0.920s] -- Using PYTHON_EXECUTABLE: /usr/bin/python3
[0.920s] -- Using PYTHON_INCLUDE_DIRS: /usr/include/python3.10
[0.920s] -- Using PYTHON_LIBRARIES: /usr/lib/x86_64-linux-gnu/libpython3.10.so
[0.937s] -- Added test 'lint_cmake' to check CMake code style
[0.938s] -- Added test 'xmllint' to check XML markup files
[0.942s] -- Configuring done
[0.975s] -- Generating done
[0.978s] -- Build files have been written to: /home/yousif/example_ros2/build/my_robot_interfaces
[1.004s] [35m[1mConsolidate compiler generated dependencies of target my_robot_interfaces__rosidl_generator_c[0m
[1.015s] [  1%] Built target my_robot_interfaces__cpp
[1.016s] [ 12%] Built target my_robot_interfaces__rosidl_generator_c
[1.027s] [ 12%] Built target ament_cmake_python_symlink_my_robot_interfaces
[1.030s] [35m[1mConsolidate compiler generated dependencies of target my_robot_interfaces__rosidl_typesupport_fastrtps_c[0m
[1.030s] [35m[1mConsolidate compiler generated dependencies of target my_robot_interfaces__rosidl_typesupport_cpp[0m
[1.031s] [35m[1mConsolidate compiler generated dependencies of target my_robot_interfaces__rosidl_typesupport_introspection_cpp[0m
[1.035s] [35m[1mConsolidate compiler generated dependencies of target my_robot_interfaces__rosidl_typesupport_fastrtps_cpp[0m
[1.035s] [35m[1mConsolidate compiler generated dependencies of target my_robot_interfaces__rosidl_typesupport_c[0m
[1.035s] [35m[1mConsolidate compiler generated dependencies of target my_robot_interfaces__rosidl_typesupport_introspection_c[0m
[1.050s] [ 23%] Built target my_robot_interfaces__rosidl_typesupport_c
[1.050s] [ 36%] Built target my_robot_interfaces__rosidl_typesupport_introspection_c
[1.050s] [ 45%] Built target my_robot_interfaces__rosidl_typesupport_cpp
[1.050s] [ 56%] Built target my_robot_interfaces__rosidl_typesupport_introspection_cpp
[1.052s] [ 67%] Built target my_robot_interfaces__rosidl_typesupport_fastrtps_c
[1.055s] [ 78%] Built target my_robot_interfaces__rosidl_typesupport_fastrtps_cpp
[1.077s] [ 78%] Built target my_robot_interfaces
[1.118s] [ 80%] Built target my_robot_interfaces__py
[1.140s] [35m[1mConsolidate compiler generated dependencies of target my_robot_interfaces__rosidl_generator_py[0m
[1.170s] [ 89%] Built target my_robot_interfaces__rosidl_generator_py
[1.191s] [35m[1mConsolidate compiler generated dependencies of target my_robot_interfaces__rosidl_typesupport_fastrtps_c__pyext[0m
[1.191s] [35m[1mConsolidate compiler generated dependencies of target my_robot_interfaces__rosidl_typesupport_c__pyext[0m
[1.192s] [35m[1mConsolidate compiler generated dependencies of target my_robot_interfaces__rosidl_typesupport_introspection_c__pyext[0m
[1.216s] [ 92%] [32m[1mLinking C shared library rosidl_generator_py/my_robot_interfaces/my_robot_interfaces_s__rosidl_typesupport_introspection_c.cpython-310-x86_64-linux-gnu.so[0m
[1.217s] [ 92%] [32m[1mLinking C shared library rosidl_generator_py/my_robot_interfaces/my_robot_interfaces_s__rosidl_typesupport_fastrtps_c.cpython-310-x86_64-linux-gnu.so[0m
[1.221s] [ 94%] [32m[1mLinking C shared library rosidl_generator_py/my_robot_interfaces/my_robot_interfaces_s__rosidl_typesupport_c.cpython-310-x86_64-linux-gnu.so[0m
[1.285s] [ 96%] Built target my_robot_interfaces__rosidl_typesupport_introspection_c__pyext
[1.286s] [ 98%] Built target my_robot_interfaces__rosidl_typesupport_fastrtps_c__pyext
[1.288s] [100%] Built target my_robot_interfaces__rosidl_typesupport_c__pyext
[1.527s] running egg_info
[1.528s] creating my_robot_interfaces.egg-info
[1.528s] writing my_robot_interfaces.egg-info/PKG-INFO
[1.529s] writing dependency_links to my_robot_interfaces.egg-info/dependency_links.txt
[1.529s] writing top-level names to my_robot_interfaces.egg-info/top_level.txt
[1.529s] writing manifest file 'my_robot_interfaces.egg-info/SOURCES.txt'
[1.533s] reading manifest file 'my_robot_interfaces.egg-info/SOURCES.txt'
[1.534s] writing manifest file 'my_robot_interfaces.egg-info/SOURCES.txt'
[1.577s] [100%] Built target ament_cmake_python_build_my_robot_interfaces_egg
[1.600s] Invoked command in '/home/yousif/example_ros2/build/my_robot_interfaces' returned '0': CMAKE_PREFIX_PATH=${CMAKE_PREFIX_PATH}:/home/yousif/example_ros2/install/my_py_pkg:/home/yousif/ros2_ws_test/install/my_robot_controller:/opt/ros/humble /usr/bin/cmake --build /home/yousif/example_ros2/build/my_robot_interfaces -- -j8 -l8
[1.860s] Invoking command in '/home/yousif/example_ros2/build/my_robot_interfaces': CMAKE_PREFIX_PATH=${CMAKE_PREFIX_PATH}:/home/yousif/example_ros2/install/my_py_pkg:/home/yousif/ros2_ws_test/install/my_robot_controller:/opt/ros/humble /usr/bin/cmake --install /home/yousif/example_ros2/build/my_robot_interfaces
[1.874s] -- Install configuration: ""
[1.876s] -- Execute custom install script
[1.876s] -- Symlinking: /home/yousif/example_ros2/install/my_robot_interfaces/share/ament_index/resource_index/rosidl_interfaces/my_robot_interfaces
[1.894s] -- Symlinking: /home/yousif/example_ros2/install/my_robot_interfaces/include/my_robot_interfaces/my_robot_interfaces/msg/detail/hardware_status__functions.h
[1.911s] -- Symlinking: /home/yousif/example_ros2/install/my_robot_interfaces/include/my_robot_interfaces/my_robot_interfaces/msg/detail/hardware_status__struct.h
[1.928s] -- Symlinking: /home/yousif/example_ros2/install/my_robot_interfaces/include/my_robot_interfaces/my_robot_interfaces/msg/detail/hardware_status__type_support.h
[1.946s] -- Symlinking: /home/yousif/example_ros2/install/my_robot_interfaces/include/my_robot_interfaces/my_robot_interfaces/msg/detail/led_state_array__functions.h
[1.963s] -- Symlinking: /home/yousif/example_ros2/install/my_robot_interfaces/include/my_robot_interfaces/my_robot_interfaces/msg/detail/led_state_array__struct.h
[1.980s] -- Symlinking: /home/yousif/example_ros2/install/my_robot_interfaces/include/my_robot_interfaces/my_robot_interfaces/msg/detail/led_state_array__type_support.h
[1.997s] -- Symlinking: /home/yousif/example_ros2/install/my_robot_interfaces/include/my_robot_interfaces/my_robot_interfaces/msg/hardware_status.h
[2.014s] -- Symlinking: /home/yousif/example_ros2/install/my_robot_interfaces/include/my_robot_interfaces/my_robot_interfaces/msg/led_state_array.h
[2.031s] -- Symlinking: /home/yousif/example_ros2/install/my_robot_interfaces/include/my_robot_interfaces/my_robot_interfaces/msg/rosidl_generator_c__visibility_control.h
[2.048s] -- Symlinking: /home/yousif/example_ros2/install/my_robot_interfaces/include/my_robot_interfaces/my_robot_interfaces/srv/compute_rectangle_area.h
[2.065s] -- Symlinking: /home/yousif/example_ros2/install/my_robot_interfaces/include/my_robot_interfaces/my_robot_interfaces/srv/detail/compute_rectangle_area__functions.h
[2.082s] -- Symlinking: /home/yousif/example_ros2/install/my_robot_interfaces/include/my_robot_interfaces/my_robot_interfaces/srv/detail/compute_rectangle_area__struct.h
[2.099s] -- Symlinking: /home/yousif/example_ros2/install/my_robot_interfaces/include/my_robot_interfaces/my_robot_interfaces/srv/detail/compute_rectangle_area__type_support.h
[2.115s] -- Symlinking: /home/yousif/example_ros2/install/my_robot_interfaces/include/my_robot_interfaces/my_robot_interfaces/srv/detail/set_led__functions.h
[2.132s] -- Symlinking: /home/yousif/example_ros2/install/my_robot_interfaces/include/my_robot_interfaces/my_robot_interfaces/srv/detail/set_led__struct.h
[2.150s] -- Symlinking: /home/yousif/example_ros2/install/my_robot_interfaces/include/my_robot_interfaces/my_robot_interfaces/srv/detail/set_led__type_support.h
[2.167s] -- Symlinking: /home/yousif/example_ros2/install/my_robot_interfaces/include/my_robot_interfaces/my_robot_interfaces/srv/set_led.h
[2.183s] -- Symlinking: /home/yousif/example_ros2/install/my_robot_interfaces/share/my_robot_interfaces/environment/library_path.sh
[2.200s] -- Symlinking: /home/yousif/example_ros2/install/my_robot_interfaces/share/my_robot_interfaces/environment/library_path.dsv
[2.218s] -- Symlinking: /home/yousif/example_ros2/install/my_robot_interfaces/include/my_robot_interfaces/my_robot_interfaces/msg/detail/hardware_status__rosidl_typesupport_fastrtps_c.h
[2.235s] -- Symlinking: /home/yousif/example_ros2/install/my_robot_interfaces/include/my_robot_interfaces/my_robot_interfaces/msg/detail/led_state_array__rosidl_typesupport_fastrtps_c.h
[2.252s] -- Symlinking: /home/yousif/example_ros2/install/my_robot_interfaces/include/my_robot_interfaces/my_robot_interfaces/msg/rosidl_typesupport_fastrtps_c__visibility_control.h
[2.269s] -- Symlinking: /home/yousif/example_ros2/install/my_robot_interfaces/include/my_robot_interfaces/my_robot_interfaces/srv/detail/compute_rectangle_area__rosidl_typesupport_fastrtps_c.h
[2.286s] -- Symlinking: /home/yousif/example_ros2/install/my_robot_interfaces/include/my_robot_interfaces/my_robot_interfaces/srv/detail/set_led__rosidl_typesupport_fastrtps_c.h
[2.303s] -- Symlinking: /home/yousif/example_ros2/install/my_robot_interfaces/include/my_robot_interfaces/my_robot_interfaces/msg/detail/hardware_status__rosidl_typesupport_introspection_c.h
[2.320s] -- Symlinking: /home/yousif/example_ros2/install/my_robot_interfaces/include/my_robot_interfaces/my_robot_interfaces/msg/detail/led_state_array__rosidl_typesupport_introspection_c.h
[2.337s] -- Symlinking: /home/yousif/example_ros2/install/my_robot_interfaces/include/my_robot_interfaces/my_robot_interfaces/msg/rosidl_typesupport_introspection_c__visibility_control.h
[2.355s] -- Symlinking: /home/yousif/example_ros2/install/my_robot_interfaces/include/my_robot_interfaces/my_robot_interfaces/srv/detail/compute_rectangle_area__rosidl_typesupport_introspection_c.h
[2.371s] -- Symlinking: /home/yousif/example_ros2/install/my_robot_interfaces/include/my_robot_interfaces/my_robot_interfaces/srv/detail/set_led__rosidl_typesupport_introspection_c.h
[2.389s] -- Symlinking: /home/yousif/example_ros2/install/my_robot_interfaces/include/my_robot_interfaces/my_robot_interfaces/msg/detail/hardware_status__builder.hpp
[2.405s] -- Symlinking: /home/yousif/example_ros2/install/my_robot_interfaces/include/my_robot_interfaces/my_robot_interfaces/msg/detail/hardware_status__struct.hpp
[2.422s] -- Symlinking: /home/yousif/example_ros2/install/my_robot_interfaces/include/my_robot_interfaces/my_robot_interfaces/msg/detail/hardware_status__traits.hpp
[2.440s] -- Symlinking: /home/yousif/example_ros2/install/my_robot_interfaces/include/my_robot_interfaces/my_robot_interfaces/msg/detail/led_state_array__builder.hpp
[2.457s] -- Symlinking: /home/yousif/example_ros2/install/my_robot_interfaces/include/my_robot_interfaces/my_robot_interfaces/msg/detail/led_state_array__struct.hpp
[2.474s] -- Symlinking: /home/yousif/example_ros2/install/my_robot_interfaces/include/my_robot_interfaces/my_robot_interfaces/msg/detail/led_state_array__traits.hpp
[2.491s] -- Symlinking: /home/yousif/example_ros2/install/my_robot_interfaces/include/my_robot_interfaces/my_robot_interfaces/msg/hardware_status.hpp
[2.508s] -- Symlinking: /home/yousif/example_ros2/install/my_robot_interfaces/include/my_robot_interfaces/my_robot_interfaces/msg/led_state_array.hpp
[2.525s] -- Symlinking: /home/yousif/example_ros2/install/my_robot_interfaces/include/my_robot_interfaces/my_robot_interfaces/srv/compute_rectangle_area.hpp
[2.543s] -- Symlinking: /home/yousif/example_ros2/install/my_robot_interfaces/include/my_robot_interfaces/my_robot_interfaces/srv/detail/compute_rectangle_area__builder.hpp
[2.560s] -- Symlinking: /home/yousif/example_ros2/install/my_robot_interfaces/include/my_robot_interfaces/my_robot_interfaces/srv/detail/compute_rectangle_area__struct.hpp
[2.578s] -- Symlinking: /home/yousif/example_ros2/install/my_robot_interfaces/include/my_robot_interfaces/my_robot_interfaces/srv/detail/compute_rectangle_area__traits.hpp
[2.595s] -- Symlinking: /home/yousif/example_ros2/install/my_robot_interfaces/include/my_robot_interfaces/my_robot_interfaces/srv/detail/set_led__builder.hpp
[2.612s] -- Symlinking: /home/yousif/example_ros2/install/my_robot_interfaces/include/my_robot_interfaces/my_robot_interfaces/srv/detail/set_led__struct.hpp
[2.629s] -- Symlinking: /home/yousif/example_ros2/install/my_robot_interfaces/include/my_robot_interfaces/my_robot_interfaces/srv/detail/set_led__traits.hpp
[2.646s] -- Symlinking: /home/yousif/example_ros2/install/my_robot_interfaces/include/my_robot_interfaces/my_robot_interfaces/srv/set_led.hpp
[2.664s] -- Symlinking: /home/yousif/example_ros2/install/my_robot_interfaces/include/my_robot_interfaces/my_robot_interfaces/msg/detail/hardware_status__rosidl_typesupport_fastrtps_cpp.hpp
[2.681s] -- Symlinking: /home/yousif/example_ros2/install/my_robot_interfaces/include/my_robot_interfaces/my_robot_interfaces/msg/detail/led_state_array__rosidl_typesupport_fastrtps_cpp.hpp
[2.698s] -- Symlinking: /home/yousif/example_ros2/install/my_robot_interfaces/include/my_robot_interfaces/my_robot_interfaces/msg/rosidl_typesupport_fastrtps_cpp__visibility_control.h
[2.715s] -- Symlinking: /home/yousif/example_ros2/install/my_robot_interfaces/include/my_robot_interfaces/my_robot_interfaces/srv/detail/compute_rectangle_area__rosidl_typesupport_fastrtps_cpp.hpp
[2.732s] -- Symlinking: /home/yousif/example_ros2/install/my_robot_interfaces/include/my_robot_interfaces/my_robot_interfaces/srv/detail/set_led__rosidl_typesupport_fastrtps_cpp.hpp
[2.750s] -- Symlinking: /home/yousif/example_ros2/install/my_robot_interfaces/include/my_robot_interfaces/my_robot_interfaces/msg/detail/hardware_status__rosidl_typesupport_introspection_cpp.hpp
[2.767s] -- Symlinking: /home/yousif/example_ros2/install/my_robot_interfaces/include/my_robot_interfaces/my_robot_interfaces/msg/detail/led_state_array__rosidl_typesupport_introspection_cpp.hpp
[2.784s] -- Symlinking: /home/yousif/example_ros2/install/my_robot_interfaces/include/my_robot_interfaces/my_robot_interfaces/srv/detail/compute_rectangle_area__rosidl_typesupport_introspection_cpp.hpp
[2.801s] -- Symlinking: /home/yousif/example_ros2/install/my_robot_interfaces/include/my_robot_interfaces/my_robot_interfaces/srv/detail/set_led__rosidl_typesupport_introspection_cpp.hpp
[2.818s] -- Symlinking: /home/yousif/example_ros2/install/my_robot_interfaces/share/my_robot_interfaces/environment/pythonpath.sh
[2.836s] -- Symlinking: /home/yousif/example_ros2/install/my_robot_interfaces/share/my_robot_interfaces/environment/pythonpath.dsv
[2.853s] -- Symlinking: /home/yousif/example_ros2/install/my_robot_interfaces/local/lib/python3.10/dist-packages/my_robot_interfaces-0.0.0-py3.10.egg-info/PKG-INFO
[2.870s] -- Symlinking: /home/yousif/example_ros2/install/my_robot_interfaces/local/lib/python3.10/dist-packages/my_robot_interfaces-0.0.0-py3.10.egg-info/SOURCES.txt
[2.887s] -- Symlinking: /home/yousif/example_ros2/install/my_robot_interfaces/local/lib/python3.10/dist-packages/my_robot_interfaces-0.0.0-py3.10.egg-info/dependency_links.txt
[2.905s] -- Symlinking: /home/yousif/example_ros2/install/my_robot_interfaces/local/lib/python3.10/dist-packages/my_robot_interfaces-0.0.0-py3.10.egg-info/top_level.txt
[2.923s] -- Symlinking: /home/yousif/example_ros2/install/my_robot_interfaces/local/lib/python3.10/dist-packages/my_robot_interfaces/__init__.py
[2.940s] -- Symlinking: /home/yousif/example_ros2/install/my_robot_interfaces/local/lib/python3.10/dist-packages/my_robot_interfaces/_my_robot_interfaces_s.ep.rosidl_typesupport_c.c
[2.957s] -- Symlinking: /home/yousif/example_ros2/install/my_robot_interfaces/local/lib/python3.10/dist-packages/my_robot_interfaces/_my_robot_interfaces_s.ep.rosidl_typesupport_fastrtps_c.c
[2.974s] -- Symlinking: /home/yousif/example_ros2/install/my_robot_interfaces/local/lib/python3.10/dist-packages/my_robot_interfaces/_my_robot_interfaces_s.ep.rosidl_typesupport_introspection_c.c
[2.991s] -- Symlinking: /home/yousif/example_ros2/install/my_robot_interfaces/local/lib/python3.10/dist-packages/my_robot_interfaces/libmy_robot_interfaces__rosidl_generator_py.so
[3.008s] -- Symlinking: /home/yousif/example_ros2/install/my_robot_interfaces/local/lib/python3.10/dist-packages/my_robot_interfaces/msg/__init__.py
[3.025s] -- Symlinking: /home/yousif/example_ros2/install/my_robot_interfaces/local/lib/python3.10/dist-packages/my_robot_interfaces/msg/_hardware_status.py
[3.042s] -- Symlinking: /home/yousif/example_ros2/install/my_robot_interfaces/local/lib/python3.10/dist-packages/my_robot_interfaces/msg/_hardware_status_s.c
[3.060s] -- Symlinking: /home/yousif/example_ros2/install/my_robot_interfaces/local/lib/python3.10/dist-packages/my_robot_interfaces/msg/_led_state_array.py
[3.077s] -- Symlinking: /home/yousif/example_ros2/install/my_robot_interfaces/local/lib/python3.10/dist-packages/my_robot_interfaces/msg/_led_state_array_s.c
[3.094s] -- Symlinking: /home/yousif/example_ros2/install/my_robot_interfaces/local/lib/python3.10/dist-packages/my_robot_interfaces/my_robot_interfaces_s__rosidl_typesupport_c.cpython-310-x86_64-linux-gnu.so
[3.110s] -- Symlinking: /home/yousif/example_ros2/install/my_robot_interfaces/local/lib/python3.10/dist-packages/my_robot_interfaces/my_robot_interfaces_s__rosidl_typesupport_fastrtps_c.cpython-310-x86_64-linux-gnu.so
[3.127s] -- Symlinking: /home/yousif/example_ros2/install/my_robot_interfaces/local/lib/python3.10/dist-packages/my_robot_interfaces/my_robot_interfaces_s__rosidl_typesupport_introspection_c.cpython-310-x86_64-linux-gnu.so
[3.145s] -- Symlinking: /home/yousif/example_ros2/install/my_robot_interfaces/local/lib/python3.10/dist-packages/my_robot_interfaces/srv/__init__.py
[3.162s] -- Symlinking: /home/yousif/example_ros2/install/my_robot_interfaces/local/lib/python3.10/dist-packages/my_robot_interfaces/srv/_compute_rectangle_area.py
[3.179s] -- Symlinking: /home/yousif/example_ros2/install/my_robot_interfaces/local/lib/python3.10/dist-packages/my_robot_interfaces/srv/_compute_rectangle_area_s.c
[3.196s] -- Symlinking: /home/yousif/example_ros2/install/my_robot_interfaces/local/lib/python3.10/dist-packages/my_robot_interfaces/srv/_set_led.py
[3.213s] -- Symlinking: /home/yousif/example_ros2/install/my_robot_interfaces/local/lib/python3.10/dist-packages/my_robot_interfaces/srv/_set_led_s.c
[3.230s] -- Up-to-date symlink: /home/yousif/example_ros2/install/my_robot_interfaces/local/lib/python3.10/dist-packages/my_robot_interfaces/my_robot_interfaces_s__rosidl_typesupport_fastrtps_c.cpython-310-x86_64-linux-gnu.so
[3.231s] -- Up-to-date symlink: /home/yousif/example_ros2/install/my_robot_interfaces/local/lib/python3.10/dist-packages/my_robot_interfaces/my_robot_interfaces_s__rosidl_typesupport_introspection_c.cpython-310-x86_64-linux-gnu.so
[3.232s] -- Up-to-date symlink: /home/yousif/example_ros2/install/my_robot_interfaces/local/lib/python3.10/dist-packages/my_robot_interfaces/my_robot_interfaces_s__rosidl_typesupport_c.cpython-310-x86_64-linux-gnu.so
[3.232s] -- Symlinking: /home/yousif/example_ros2/install/my_robot_interfaces/share/my_robot_interfaces/msg/HardwareStatus.idl
[3.250s] -- Symlinking: /home/yousif/example_ros2/install/my_robot_interfaces/share/my_robot_interfaces/msg/LedStateArray.idl
[3.267s] -- Symlinking: /home/yousif/example_ros2/install/my_robot_interfaces/share/my_robot_interfaces/srv/ComputeRectangleArea.idl
[3.284s] -- Symlinking: /home/yousif/example_ros2/install/my_robot_interfaces/share/my_robot_interfaces/srv/SetLed.idl
[3.301s] -- Symlinking: /home/yousif/example_ros2/install/my_robot_interfaces/share/my_robot_interfaces/msg/HardwareStatus.msg
[3.318s] -- Symlinking: /home/yousif/example_ros2/install/my_robot_interfaces/share/my_robot_interfaces/msg/LedStateArray.msg
[3.335s] -- Symlinking: /home/yousif/example_ros2/install/my_robot_interfaces/share/my_robot_interfaces/srv/ComputeRectangleArea.srv
[3.352s] -- Symlinking: /home/yousif/example_ros2/install/my_robot_interfaces/share/my_robot_interfaces/srv/ComputeRectangleArea_Request.msg
[3.369s] -- Symlinking: /home/yousif/example_ros2/install/my_robot_interfaces/share/my_robot_interfaces/srv/ComputeRectangleArea_Response.msg
[3.386s] -- Symlinking: /home/yousif/example_ros2/install/my_robot_interfaces/share/my_robot_interfaces/srv/SetLed.srv
[3.403s] -- Symlinking: /home/yousif/example_ros2/install/my_robot_interfaces/share/my_robot_interfaces/srv/SetLed_Request.msg
[3.420s] -- Symlinking: /home/yousif/example_ros2/install/my_robot_interfaces/share/my_robot_interfaces/srv/SetLed_Response.msg
[3.437s] -- Symlinking: /home/yousif/example_ros2/install/my_robot_interfaces/share/ament_index/resource_index/package_run_dependencies/my_robot_interfaces
[3.454s] -- Symlinking: /home/yousif/example_ros2/install/my_robot_interfaces/share/ament_index/resource_index/parent_prefix_path/my_robot_interfaces
[3.471s] -- Symlinking: /home/yousif/example_ros2/install/my_robot_interfaces/share/my_robot_interfaces/environment/ament_prefix_path.sh
[3.491s] -- Symlinking: /home/yousif/example_ros2/install/my_robot_interfaces/share/my_robot_interfaces/environment/ament_prefix_path.dsv
[3.522s] -- Symlinking: /home/yousif/example_ros2/install/my_robot_interfaces/share/my_robot_interfaces/environment/path.sh
[3.540s] -- Symlinking: /home/yousif/example_ros2/install/my_robot_interfaces/share/my_robot_interfaces/environment/path.dsv
[3.557s] -- Symlinking: /home/yousif/example_ros2/install/my_robot_interfaces/share/my_robot_interfaces/local_setup.bash
[3.574s] -- Symlinking: /home/yousif/example_ros2/install/my_robot_interfaces/share/my_robot_interfaces/local_setup.sh
[3.591s] -- Symlinking: /home/yousif/example_ros2/install/my_robot_interfaces/share/my_robot_interfaces/local_setup.zsh
[3.608s] -- Symlinking: /home/yousif/example_ros2/install/my_robot_interfaces/share/my_robot_interfaces/local_setup.dsv
[3.625s] -- Symlinking: /home/yousif/example_ros2/install/my_robot_interfaces/share/my_robot_interfaces/package.dsv
[3.643s] -- Symlinking: /home/yousif/example_ros2/install/my_robot_interfaces/share/ament_index/resource_index/packages/my_robot_interfaces
[3.660s] -- Symlinking: /home/yousif/example_ros2/install/my_robot_interfaces/share/my_robot_interfaces/cmake/rosidl_cmake-extras.cmake
[3.677s] -- Symlinking: /home/yousif/example_ros2/install/my_robot_interfaces/share/my_robot_interfaces/cmake/ament_cmake_export_include_directories-extras.cmake
[3.694s] -- Symlinking: /home/yousif/example_ros2/install/my_robot_interfaces/share/my_robot_interfaces/cmake/ament_cmake_export_libraries-extras.cmake
[3.711s] -- Symlinking: /home/yousif/example_ros2/install/my_robot_interfaces/share/my_robot_interfaces/cmake/ament_cmake_export_targets-extras.cmake
[3.728s] -- Symlinking: /home/yousif/example_ros2/install/my_robot_interfaces/share/my_robot_interfaces/cmake/rosidl_cmake_export_typesupport_targets-extras.cmake
[3.746s] -- Symlinking: /home/yousif/example_ros2/install/my_robot_interfaces/share/my_robot_interfaces/cmake/ament_cmake_export_dependencies-extras.cmake
[3.763s] -- Symlinking: /home/yousif/example_ros2/install/my_robot_interfaces/share/my_robot_interfaces/cmake/rosidl_cmake_export_typesupport_libraries-extras.cmake
[3.780s] -- Symlinking: /home/yousif/example_ros2/install/my_robot_interfaces/share/my_robot_interfaces/cmake/my_robot_interfacesConfig.cmake
[3.797s] -- Symlinking: /home/yousif/example_ros2/install/my_robot_interfaces/share/my_robot_interfaces/cmake/my_robot_interfacesConfig-version.cmake
[3.814s] -- Symlinking: /home/yousif/example_ros2/install/my_robot_interfaces/share/my_robot_interfaces/package.xml
[3.831s] -- Up-to-date: /home/yousif/example_ros2/install/my_robot_interfaces/lib/libmy_robot_interfaces__rosidl_generator_c.so
[3.832s] -- Up-to-date: /home/yousif/example_ros2/install/my_robot_interfaces/lib/libmy_robot_interfaces__rosidl_typesupport_fastrtps_c.so
[3.833s] -- Up-to-date: /home/yousif/example_ros2/install/my_robot_interfaces/lib/libmy_robot_interfaces__rosidl_typesupport_introspection_c.so
[3.834s] -- Up-to-date: /home/yousif/example_ros2/install/my_robot_interfaces/lib/libmy_robot_interfaces__rosidl_typesupport_c.so
[3.834s] -- Up-to-date: /home/yousif/example_ros2/install/my_robot_interfaces/lib/libmy_robot_interfaces__rosidl_typesupport_fastrtps_cpp.so
[3.835s] -- Up-to-date: /home/yousif/example_ros2/install/my_robot_interfaces/lib/libmy_robot_interfaces__rosidl_typesupport_introspection_cpp.so
[3.836s] -- Up-to-date: /home/yousif/example_ros2/install/my_robot_interfaces/lib/libmy_robot_interfaces__rosidl_typesupport_cpp.so
[3.900s] Listing '/home/yousif/example_ros2/install/my_robot_interfaces/local/lib/python3.10/dist-packages/my_robot_interfaces'...
[3.900s] Compiling '/home/yousif/example_ros2/install/my_robot_interfaces/local/lib/python3.10/dist-packages/my_robot_interfaces/__init__.py'...
[3.900s] Listing '/home/yousif/example_ros2/install/my_robot_interfaces/local/lib/python3.10/dist-packages/my_robot_interfaces/msg'...
[3.901s] Listing '/home/yousif/example_ros2/install/my_robot_interfaces/local/lib/python3.10/dist-packages/my_robot_interfaces/srv'...
[3.908s] -- Up-to-date: /home/yousif/example_ros2/install/my_robot_interfaces/lib/libmy_robot_interfaces__rosidl_generator_py.so
[3.909s] -- Up-to-date: /home/yousif/example_ros2/install/my_robot_interfaces/share/my_robot_interfaces/cmake/export_my_robot_interfaces__rosidl_generator_cExport.cmake
[3.909s] -- Up-to-date: /home/yousif/example_ros2/install/my_robot_interfaces/share/my_robot_interfaces/cmake/export_my_robot_interfaces__rosidl_generator_cExport-noconfig.cmake
[3.910s] -- Up-to-date: /home/yousif/example_ros2/install/my_robot_interfaces/share/my_robot_interfaces/cmake/export_my_robot_interfaces__rosidl_typesupport_fastrtps_cExport.cmake
[3.910s] -- Up-to-date: /home/yousif/example_ros2/install/my_robot_interfaces/share/my_robot_interfaces/cmake/export_my_robot_interfaces__rosidl_typesupport_fastrtps_cExport-noconfig.cmake
[3.910s] -- Up-to-date: /home/yousif/example_ros2/install/my_robot_interfaces/share/my_robot_interfaces/cmake/my_robot_interfaces__rosidl_typesupport_introspection_cExport.cmake
[3.910s] -- Up-to-date: /home/yousif/example_ros2/install/my_robot_interfaces/share/my_robot_interfaces/cmake/my_robot_interfaces__rosidl_typesupport_introspection_cExport-noconfig.cmake
[3.911s] -- Up-to-date: /home/yousif/example_ros2/install/my_robot_interfaces/share/my_robot_interfaces/cmake/my_robot_interfaces__rosidl_typesupport_cExport.cmake
[3.911s] -- Up-to-date: /home/yousif/example_ros2/install/my_robot_interfaces/share/my_robot_interfaces/cmake/my_robot_interfaces__rosidl_typesupport_cExport-noconfig.cmake
[3.911s] -- Up-to-date: /home/yousif/example_ros2/install/my_robot_interfaces/share/my_robot_interfaces/cmake/export_my_robot_interfaces__rosidl_generator_cppExport.cmake
[3.912s] -- Up-to-date: /home/yousif/example_ros2/install/my_robot_interfaces/share/my_robot_interfaces/cmake/export_my_robot_interfaces__rosidl_typesupport_fastrtps_cppExport.cmake
[3.912s] -- Up-to-date: /home/yousif/example_ros2/install/my_robot_interfaces/share/my_robot_interfaces/cmake/export_my_robot_interfaces__rosidl_typesupport_fastrtps_cppExport-noconfig.cmake
[3.912s] -- Up-to-date: /home/yousif/example_ros2/install/my_robot_interfaces/share/my_robot_interfaces/cmake/my_robot_interfaces__rosidl_typesupport_introspection_cppExport.cmake
[3.913s] -- Up-to-date: /home/yousif/example_ros2/install/my_robot_interfaces/share/my_robot_interfaces/cmake/my_robot_interfaces__rosidl_typesupport_introspection_cppExport-noconfig.cmake
[3.913s] -- Up-to-date: /home/yousif/example_ros2/install/my_robot_interfaces/share/my_robot_interfaces/cmake/my_robot_interfaces__rosidl_typesupport_cppExport.cmake
[3.913s] -- Up-to-date: /home/yousif/example_ros2/install/my_robot_interfaces/share/my_robot_interfaces/cmake/my_robot_interfaces__rosidl_typesupport_cppExport-noconfig.cmake
[3.913s] -- Up-to-date: /home/yousif/example_ros2/install/my_robot_interfaces/share/my_robot_interfaces/cmake/export_my_robot_interfaces__rosidl_generator_pyExport.cmake
[3.914s] -- Up-to-date: /home/yousif/example_ros2/install/my_robot_interfaces/share/my_robot_interfaces/cmake/export_my_robot_interfaces__rosidl_generator_pyExport-noconfig.cmake
[3.917s] Invoked command in '/home/yousif/example_ros2/build/my_robot_interfaces' returned '0': CMAKE_PREFIX_PATH=${CMAKE_PREFIX_PATH}:/home/yousif/example_ros2/install/my_py_pkg:/home/yousif/ros2_ws_test/install/my_robot_controller:/opt/ros/humble /usr/bin/cmake --install /home/yousif/example_ros2/build/my_robot_interfaces
