running egg_info
creating ../../build/my_py_pkg/my_py_pkg.egg-info
writing ../../build/my_py_pkg/my_py_pkg.egg-info/PKG-INFO
writing dependency_links to ../../build/my_py_pkg/my_py_pkg.egg-info/dependency_links.txt
writing entry points to ../../build/my_py_pkg/my_py_pkg.egg-info/entry_points.txt
writing requirements to ../../build/my_py_pkg/my_py_pkg.egg-info/requires.txt
writing top-level names to ../../build/my_py_pkg/my_py_pkg.egg-info/top_level.txt
writing manifest file '../../build/my_py_pkg/my_py_pkg.egg-info/SOURCES.txt'
reading manifest file '../../build/my_py_pkg/my_py_pkg.egg-info/SOURCES.txt'
writing manifest file '../../build/my_py_pkg/my_py_pkg.egg-info/SOURCES.txt'
running build
running build_py
creating /home/yousif/example_ros2/build/my_py_pkg/build
creating /home/yousif/example_ros2/build/my_py_pkg/build/lib
creating /home/yousif/example_ros2/build/my_py_pkg/build/lib/my_py_pkg
copying my_py_pkg/led_panel.py -> /home/yousif/example_ros2/build/my_py_pkg/build/lib/my_py_pkg
copying my_py_pkg/hw_status_publisher.py -> /home/yousif/example_ros2/build/my_py_pkg/build/lib/my_py_pkg
copying my_py_pkg/number_counter_with_server.py -> /home/yousif/example_ros2/build/my_py_pkg/build/lib/my_py_pkg
copying my_py_pkg/__init__.py -> /home/yousif/example_ros2/build/my_py_pkg/build/lib/my_py_pkg
copying my_py_pkg/my_first_oop_timer_py_node.py -> /home/yousif/example_ros2/build/my_py_pkg/build/lib/my_py_pkg
copying my_py_pkg/my_first_oop_py_node.py -> /home/yousif/example_ros2/build/my_py_pkg/build/lib/my_py_pkg
copying my_py_pkg/number_counter.py -> /home/yousif/example_ros2/build/my_py_pkg/build/lib/my_py_pkg
copying my_py_pkg/battery.py -> /home/yousif/example_ros2/build/my_py_pkg/build/lib/my_py_pkg
copying my_py_pkg/my_first_minimal_py_node.py -> /home/yousif/example_ros2/build/my_py_pkg/build/lib/my_py_pkg
copying my_py_pkg/number_publisher_with_params.py -> /home/yousif/example_ros2/build/my_py_pkg/build/lib/my_py_pkg
copying my_py_pkg/add_two_ints_server.py -> /home/yousif/example_ros2/build/my_py_pkg/build/lib/my_py_pkg
copying my_py_pkg/add_two_ints_oop_client.py -> /home/yousif/example_ros2/build/my_py_pkg/build/lib/my_py_pkg
copying my_py_pkg/smartphone.py -> /home/yousif/example_ros2/build/my_py_pkg/build/lib/my_py_pkg
copying my_py_pkg/number_publisher.py -> /home/yousif/example_ros2/build/my_py_pkg/build/lib/my_py_pkg
copying my_py_pkg/add_two_ints_minimal_client.py -> /home/yousif/example_ros2/build/my_py_pkg/build/lib/my_py_pkg
copying my_py_pkg/robot_news_station.py -> /home/yousif/example_ros2/build/my_py_pkg/build/lib/my_py_pkg
running install
running install_lib
creating /home/yousif/example_ros2/install/my_py_pkg/lib/python3.10/site-packages/my_py_pkg
copying /home/yousif/example_ros2/build/my_py_pkg/build/lib/my_py_pkg/led_panel.py -> /home/yousif/example_ros2/install/my_py_pkg/lib/python3.10/site-packages/my_py_pkg
copying /home/yousif/example_ros2/build/my_py_pkg/build/lib/my_py_pkg/hw_status_publisher.py -> /home/yousif/example_ros2/install/my_py_pkg/lib/python3.10/site-packages/my_py_pkg
copying /home/yousif/example_ros2/build/my_py_pkg/build/lib/my_py_pkg/number_counter_with_server.py -> /home/yousif/example_ros2/install/my_py_pkg/lib/python3.10/site-packages/my_py_pkg
copying /home/yousif/example_ros2/build/my_py_pkg/build/lib/my_py_pkg/__init__.py -> /home/yousif/example_ros2/install/my_py_pkg/lib/python3.10/site-packages/my_py_pkg
copying /home/yousif/example_ros2/build/my_py_pkg/build/lib/my_py_pkg/my_first_oop_timer_py_node.py -> /home/yousif/example_ros2/install/my_py_pkg/lib/python3.10/site-packages/my_py_pkg
copying /home/yousif/example_ros2/build/my_py_pkg/build/lib/my_py_pkg/my_first_oop_py_node.py -> /home/yousif/example_ros2/install/my_py_pkg/lib/python3.10/site-packages/my_py_pkg
copying /home/yousif/example_ros2/build/my_py_pkg/build/lib/my_py_pkg/number_counter.py -> /home/yousif/example_ros2/install/my_py_pkg/lib/python3.10/site-packages/my_py_pkg
copying /home/yousif/example_ros2/build/my_py_pkg/build/lib/my_py_pkg/battery.py -> /home/yousif/example_ros2/install/my_py_pkg/lib/python3.10/site-packages/my_py_pkg
copying /home/yousif/example_ros2/build/my_py_pkg/build/lib/my_py_pkg/my_first_minimal_py_node.py -> /home/yousif/example_ros2/install/my_py_pkg/lib/python3.10/site-packages/my_py_pkg
copying /home/yousif/example_ros2/build/my_py_pkg/build/lib/my_py_pkg/number_publisher_with_params.py -> /home/yousif/example_ros2/install/my_py_pkg/lib/python3.10/site-packages/my_py_pkg
copying /home/yousif/example_ros2/build/my_py_pkg/build/lib/my_py_pkg/add_two_ints_server.py -> /home/yousif/example_ros2/install/my_py_pkg/lib/python3.10/site-packages/my_py_pkg
copying /home/yousif/example_ros2/build/my_py_pkg/build/lib/my_py_pkg/add_two_ints_oop_client.py -> /home/yousif/example_ros2/install/my_py_pkg/lib/python3.10/site-packages/my_py_pkg
copying /home/yousif/example_ros2/build/my_py_pkg/build/lib/my_py_pkg/smartphone.py -> /home/yousif/example_ros2/install/my_py_pkg/lib/python3.10/site-packages/my_py_pkg
copying /home/yousif/example_ros2/build/my_py_pkg/build/lib/my_py_pkg/number_publisher.py -> /home/yousif/example_ros2/install/my_py_pkg/lib/python3.10/site-packages/my_py_pkg
copying /home/yousif/example_ros2/build/my_py_pkg/build/lib/my_py_pkg/add_two_ints_minimal_client.py -> /home/yousif/example_ros2/install/my_py_pkg/lib/python3.10/site-packages/my_py_pkg
copying /home/yousif/example_ros2/build/my_py_pkg/build/lib/my_py_pkg/robot_news_station.py -> /home/yousif/example_ros2/install/my_py_pkg/lib/python3.10/site-packages/my_py_pkg
byte-compiling /home/yousif/example_ros2/install/my_py_pkg/lib/python3.10/site-packages/my_py_pkg/led_panel.py to led_panel.cpython-310.pyc
byte-compiling /home/yousif/example_ros2/install/my_py_pkg/lib/python3.10/site-packages/my_py_pkg/hw_status_publisher.py to hw_status_publisher.cpython-310.pyc
byte-compiling /home/yousif/example_ros2/install/my_py_pkg/lib/python3.10/site-packages/my_py_pkg/number_counter_with_server.py to number_counter_with_server.cpython-310.pyc
byte-compiling /home/yousif/example_ros2/install/my_py_pkg/lib/python3.10/site-packages/my_py_pkg/__init__.py to __init__.cpython-310.pyc
byte-compiling /home/yousif/example_ros2/install/my_py_pkg/lib/python3.10/site-packages/my_py_pkg/my_first_oop_timer_py_node.py to my_first_oop_timer_py_node.cpython-310.pyc
byte-compiling /home/yousif/example_ros2/install/my_py_pkg/lib/python3.10/site-packages/my_py_pkg/my_first_oop_py_node.py to my_first_oop_py_node.cpython-310.pyc
byte-compiling /home/yousif/example_ros2/install/my_py_pkg/lib/python3.10/site-packages/my_py_pkg/number_counter.py to number_counter.cpython-310.pyc
byte-compiling /home/yousif/example_ros2/install/my_py_pkg/lib/python3.10/site-packages/my_py_pkg/battery.py to battery.cpython-310.pyc
byte-compiling /home/yousif/example_ros2/install/my_py_pkg/lib/python3.10/site-packages/my_py_pkg/my_first_minimal_py_node.py to my_first_minimal_py_node.cpython-310.pyc
byte-compiling /home/yousif/example_ros2/install/my_py_pkg/lib/python3.10/site-packages/my_py_pkg/number_publisher_with_params.py to number_publisher_with_params.cpython-310.pyc
byte-compiling /home/yousif/example_ros2/install/my_py_pkg/lib/python3.10/site-packages/my_py_pkg/add_two_ints_server.py to add_two_ints_server.cpython-310.pyc
byte-compiling /home/yousif/example_ros2/install/my_py_pkg/lib/python3.10/site-packages/my_py_pkg/add_two_ints_oop_client.py to add_two_ints_oop_client.cpython-310.pyc
byte-compiling /home/yousif/example_ros2/install/my_py_pkg/lib/python3.10/site-packages/my_py_pkg/smartphone.py to smartphone.cpython-310.pyc
byte-compiling /home/yousif/example_ros2/install/my_py_pkg/lib/python3.10/site-packages/my_py_pkg/number_publisher.py to number_publisher.cpython-310.pyc
byte-compiling /home/yousif/example_ros2/install/my_py_pkg/lib/python3.10/site-packages/my_py_pkg/add_two_ints_minimal_client.py to add_two_ints_minimal_client.cpython-310.pyc
byte-compiling /home/yousif/example_ros2/install/my_py_pkg/lib/python3.10/site-packages/my_py_pkg/robot_news_station.py to robot_news_station.cpython-310.pyc
running install_data
creating /home/yousif/example_ros2/install/my_py_pkg/share/ament_index
creating /home/yousif/example_ros2/install/my_py_pkg/share/ament_index/resource_index
creating /home/yousif/example_ros2/install/my_py_pkg/share/ament_index/resource_index/packages
copying resource/my_py_pkg -> /home/yousif/example_ros2/install/my_py_pkg/share/ament_index/resource_index/packages
copying package.xml -> /home/yousif/example_ros2/install/my_py_pkg/share/my_py_pkg
running install_egg_info
Copying ../../build/my_py_pkg/my_py_pkg.egg-info to /home/yousif/example_ros2/install/my_py_pkg/lib/python3.10/site-packages/my_py_pkg-0.0.0-py3.10.egg-info
running install_scripts
Installing add_two_ints_minimal_client script to /home/yousif/example_ros2/install/my_py_pkg/lib/my_py_pkg
Installing add_two_ints_oop_client script to /home/yousif/example_ros2/install/my_py_pkg/lib/my_py_pkg
Installing add_two_ints_server script to /home/yousif/example_ros2/install/my_py_pkg/lib/my_py_pkg
Installing battery script to /home/yousif/example_ros2/install/my_py_pkg/lib/my_py_pkg
Installing hw_status_publisher script to /home/yousif/example_ros2/install/my_py_pkg/lib/my_py_pkg
Installing led_panel script to /home/yousif/example_ros2/install/my_py_pkg/lib/my_py_pkg
Installing my_first_minimal_py_node script to /home/yousif/example_ros2/install/my_py_pkg/lib/my_py_pkg
Installing my_first_oop_py_node script to /home/yousif/example_ros2/install/my_py_pkg/lib/my_py_pkg
Installing my_first_oop_timer_py_node script to /home/yousif/example_ros2/install/my_py_pkg/lib/my_py_pkg
Installing number_counter script to /home/yousif/example_ros2/install/my_py_pkg/lib/my_py_pkg
Installing number_counter_with_server script to /home/yousif/example_ros2/install/my_py_pkg/lib/my_py_pkg
Installing number_publisher script to /home/yousif/example_ros2/install/my_py_pkg/lib/my_py_pkg
Installing number_publisher_with_params script to /home/yousif/example_ros2/install/my_py_pkg/lib/my_py_pkg
Installing robot_news_station script to /home/yousif/example_ros2/install/my_py_pkg/lib/my_py_pkg
Installing smartphone script to /home/yousif/example_ros2/install/my_py_pkg/lib/my_py_pkg
writing list of installed files to '/home/yousif/example_ros2/build/my_py_pkg/install.log'
