[0.105s] DEBUG:colcon:Command line arguments: ['/usr/bin/colcon', 'build']
[0.105s] DEBUG:colcon:Parsed command line arguments: Namespace(log_base=None, log_level=None, verb_name='build', build_base='build', install_base='install', merge_install=False, symlink_install=False, test_result_base=None, continue_on_error=False, executor='parallel', parallel_workers=8, event_handlers=None, ignore_user_meta=False, metas=['./colcon.meta'], base_paths=['.'], packages_ignore=None, packages_ignore_regex=None, paths=None, packages_up_to=None, packages_up_to_regex=None, packages_above=None, packages_above_and_dependencies=None, packages_above_depth=None, packages_select_by_dep=None, packages_skip_by_dep=None, packages_skip_up_to=None, packages_select_build_failed=False, packages_skip_build_finished=False, packages_select_test_failures=False, packages_skip_test_passed=False, packages_select=None, packages_skip=None, packages_select_regex=None, packages_skip_regex=None, packages_start=None, packages_end=None, allow_overriding=[], cmake_args=None, cmake_target=None, cmake_target_skip_unavailable=False, cmake_clean_cache=False, cmake_clean_first=False, cmake_force_configure=False, ament_cmake_args=None, catkin_cmake_args=None, catkin_skip_building_tests=False, verb_parser=<colcon_defaults.argument_parser.defaults.DefaultArgumentsDecorator object at 0x78e7cfe2d420>, verb_extension=<colcon_core.verb.build.BuildVerb object at 0x78e7cff39f60>, main=<bound method BuildVerb.main of <colcon_core.verb.build.BuildVerb object at 0x78e7cff39f60>>)
[0.268s] Level 1:colcon.colcon_core.package_discovery:discover_packages(colcon_meta) check parameters
[0.268s] Level 1:colcon.colcon_core.package_discovery:discover_packages(recursive) check parameters
[0.268s] Level 1:colcon.colcon_core.package_discovery:discover_packages(ignore) check parameters
[0.268s] Level 1:colcon.colcon_core.package_discovery:discover_packages(path) check parameters
[0.268s] Level 1:colcon.colcon_core.package_discovery:discover_packages(colcon_meta) discover
[0.268s] Level 1:colcon.colcon_core.package_discovery:discover_packages(recursive) discover
[0.268s] INFO:colcon.colcon_core.package_discovery:Crawling recursively for packages in '/home/yousif/example_ros2'
[0.268s] Level 1:colcon.colcon_core.package_identification:_identify(.) by extensions ['ignore', 'ignore_ament_install']
[0.269s] Level 1:colcon.colcon_core.package_identification:_identify(.) by extension 'ignore'
[0.269s] Level 1:colcon.colcon_core.package_identification:_identify(.) by extension 'ignore_ament_install'
[0.269s] Level 1:colcon.colcon_core.package_identification:_identify(.) by extensions ['colcon_pkg']
[0.269s] Level 1:colcon.colcon_core.package_identification:_identify(.) by extension 'colcon_pkg'
[0.269s] Level 1:colcon.colcon_core.package_identification:_identify(.) by extensions ['colcon_meta']
[0.269s] Level 1:colcon.colcon_core.package_identification:_identify(.) by extension 'colcon_meta'
[0.269s] Level 1:colcon.colcon_core.package_identification:_identify(.) by extensions ['ros']
[0.269s] Level 1:colcon.colcon_core.package_identification:_identify(.) by extension 'ros'
[0.279s] Level 1:colcon.colcon_core.package_identification:_identify(.) by extensions ['cmake', 'python']
[0.280s] Level 1:colcon.colcon_core.package_identification:_identify(.) by extension 'cmake'
[0.280s] Level 1:colcon.colcon_core.package_identification:_identify(.) by extension 'python'
[0.280s] Level 1:colcon.colcon_core.package_identification:_identify(.) by extensions ['python_setup_py']
[0.280s] Level 1:colcon.colcon_core.package_identification:_identify(.) by extension 'python_setup_py'
[0.280s] Level 1:colcon.colcon_core.package_identification:_identify(build) by extensions ['ignore', 'ignore_ament_install']
[0.280s] Level 1:colcon.colcon_core.package_identification:_identify(build) by extension 'ignore'
[0.280s] Level 1:colcon.colcon_core.package_identification:_identify(build) ignored
[0.280s] Level 1:colcon.colcon_core.package_identification:_identify(install) by extensions ['ignore', 'ignore_ament_install']
[0.280s] Level 1:colcon.colcon_core.package_identification:_identify(install) by extension 'ignore'
[0.280s] Level 1:colcon.colcon_core.package_identification:_identify(install) ignored
[0.280s] Level 1:colcon.colcon_core.package_identification:_identify(log) by extensions ['ignore', 'ignore_ament_install']
[0.280s] Level 1:colcon.colcon_core.package_identification:_identify(log) by extension 'ignore'
[0.280s] Level 1:colcon.colcon_core.package_identification:_identify(log) ignored
[0.280s] Level 1:colcon.colcon_core.package_identification:_identify(src) by extensions ['ignore', 'ignore_ament_install']
[0.281s] Level 1:colcon.colcon_core.package_identification:_identify(src) by extension 'ignore'
[0.281s] Level 1:colcon.colcon_core.package_identification:_identify(src) by extension 'ignore_ament_install'
[0.281s] Level 1:colcon.colcon_core.package_identification:_identify(src) by extensions ['colcon_pkg']
[0.281s] Level 1:colcon.colcon_core.package_identification:_identify(src) by extension 'colcon_pkg'
[0.281s] Level 1:colcon.colcon_core.package_identification:_identify(src) by extensions ['colcon_meta']
[0.281s] Level 1:colcon.colcon_core.package_identification:_identify(src) by extension 'colcon_meta'
[0.281s] Level 1:colcon.colcon_core.package_identification:_identify(src) by extensions ['ros']
[0.281s] Level 1:colcon.colcon_core.package_identification:_identify(src) by extension 'ros'
[0.281s] Level 1:colcon.colcon_core.package_identification:_identify(src) by extensions ['cmake', 'python']
[0.281s] Level 1:colcon.colcon_core.package_identification:_identify(src) by extension 'cmake'
[0.281s] Level 1:colcon.colcon_core.package_identification:_identify(src) by extension 'python'
[0.281s] Level 1:colcon.colcon_core.package_identification:_identify(src) by extensions ['python_setup_py']
[0.281s] Level 1:colcon.colcon_core.package_identification:_identify(src) by extension 'python_setup_py'
[0.281s] Level 1:colcon.colcon_core.package_identification:_identify(src/my_py_pkg) by extensions ['ignore', 'ignore_ament_install']
[0.281s] Level 1:colcon.colcon_core.package_identification:_identify(src/my_py_pkg) by extension 'ignore'
[0.281s] Level 1:colcon.colcon_core.package_identification:_identify(src/my_py_pkg) by extension 'ignore_ament_install'
[0.281s] Level 1:colcon.colcon_core.package_identification:_identify(src/my_py_pkg) by extensions ['colcon_pkg']
[0.281s] Level 1:colcon.colcon_core.package_identification:_identify(src/my_py_pkg) by extension 'colcon_pkg'
[0.281s] Level 1:colcon.colcon_core.package_identification:_identify(src/my_py_pkg) by extensions ['colcon_meta']
[0.281s] Level 1:colcon.colcon_core.package_identification:_identify(src/my_py_pkg) by extension 'colcon_meta'
[0.281s] Level 1:colcon.colcon_core.package_identification:_identify(src/my_py_pkg) by extensions ['ros']
[0.281s] Level 1:colcon.colcon_core.package_identification:_identify(src/my_py_pkg) by extension 'ros'
[0.284s] DEBUG:colcon.colcon_core.package_identification:Package 'src/my_py_pkg' with type 'ros.ament_python' and name 'my_py_pkg'
[0.284s] Level 1:colcon.colcon_core.package_identification:_identify(src/my_robot_interfaces) by extensions ['ignore', 'ignore_ament_install']
[0.284s] Level 1:colcon.colcon_core.package_identification:_identify(src/my_robot_interfaces) by extension 'ignore'
[0.285s] Level 1:colcon.colcon_core.package_identification:_identify(src/my_robot_interfaces) by extension 'ignore_ament_install'
[0.285s] Level 1:colcon.colcon_core.package_identification:_identify(src/my_robot_interfaces) by extensions ['colcon_pkg']
[0.285s] Level 1:colcon.colcon_core.package_identification:_identify(src/my_robot_interfaces) by extension 'colcon_pkg'
[0.285s] Level 1:colcon.colcon_core.package_identification:_identify(src/my_robot_interfaces) by extensions ['colcon_meta']
[0.285s] Level 1:colcon.colcon_core.package_identification:_identify(src/my_robot_interfaces) by extension 'colcon_meta'
[0.285s] Level 1:colcon.colcon_core.package_identification:_identify(src/my_robot_interfaces) by extensions ['ros']
[0.285s] Level 1:colcon.colcon_core.package_identification:_identify(src/my_robot_interfaces) by extension 'ros'
[0.285s] DEBUG:colcon.colcon_core.package_identification:Package 'src/my_robot_interfaces' with type 'ros.ament_cmake' and name 'my_robot_interfaces'
[0.285s] Level 1:colcon.colcon_core.package_discovery:discover_packages(recursive) using defaults
[0.285s] Level 1:colcon.colcon_core.package_discovery:discover_packages(ignore) discover
[0.285s] Level 1:colcon.colcon_core.package_discovery:discover_packages(ignore) using defaults
[0.285s] Level 1:colcon.colcon_core.package_discovery:discover_packages(path) discover
[0.285s] Level 1:colcon.colcon_core.package_discovery:discover_packages(path) using defaults
[0.305s] Level 1:colcon.colcon_core.package_discovery:discover_packages(prefix_path) check parameters
[0.305s] Level 1:colcon.colcon_core.package_discovery:discover_packages(prefix_path) discover
[0.306s] WARNING:colcon.colcon_ros.prefix_path.ament:The path '/home/yousif/example_ros2/install/my_py_pkg' in the environment variable AMENT_PREFIX_PATH doesn't exist
[0.306s] WARNING:colcon.colcon_ros.prefix_path.ament:The path '/home/yousif/example_ros2/install/my_robot_interfaces' in the environment variable AMENT_PREFIX_PATH doesn't exist
[0.306s] WARNING:colcon.colcon_ros.prefix_path.catkin:The path '/home/yousif/example_ros2/install/my_robot_interfaces' in the environment variable CMAKE_PREFIX_PATH doesn't exist
[0.307s] DEBUG:colcon.colcon_installed_package_information.package_discovery:Found 0 installed packages in /home/yousif/example_ros2/install
[0.307s] DEBUG:colcon.colcon_installed_package_information.package_discovery:Found 1 installed packages in /home/yousif/ros2_ws_test/install
[0.309s] DEBUG:colcon.colcon_installed_package_information.package_discovery:Found 396 installed packages in /opt/ros/humble
[0.311s] Level 1:colcon.colcon_core.package_discovery:discover_packages(prefix_path) using defaults
[0.377s] Level 5:colcon.colcon_core.verb:set package 'my_robot_interfaces' build argument 'cmake_args' from command line to 'None'
[0.377s] Level 5:colcon.colcon_core.verb:set package 'my_robot_interfaces' build argument 'cmake_target' from command line to 'None'
[0.377s] Level 5:colcon.colcon_core.verb:set package 'my_robot_interfaces' build argument 'cmake_target_skip_unavailable' from command line to 'False'
[0.377s] Level 5:colcon.colcon_core.verb:set package 'my_robot_interfaces' build argument 'cmake_clean_cache' from command line to 'False'
[0.377s] Level 5:colcon.colcon_core.verb:set package 'my_robot_interfaces' build argument 'cmake_clean_first' from command line to 'False'
[0.377s] Level 5:colcon.colcon_core.verb:set package 'my_robot_interfaces' build argument 'cmake_force_configure' from command line to 'False'
[0.377s] Level 5:colcon.colcon_core.verb:set package 'my_robot_interfaces' build argument 'ament_cmake_args' from command line to 'None'
[0.378s] Level 5:colcon.colcon_core.verb:set package 'my_robot_interfaces' build argument 'catkin_cmake_args' from command line to 'None'
[0.378s] Level 5:colcon.colcon_core.verb:set package 'my_robot_interfaces' build argument 'catkin_skip_building_tests' from command line to 'False'
[0.378s] DEBUG:colcon.colcon_core.verb:Building package 'my_robot_interfaces' with the following arguments: {'ament_cmake_args': None, 'build_base': '/home/yousif/example_ros2/build/my_robot_interfaces', 'catkin_cmake_args': None, 'catkin_skip_building_tests': False, 'cmake_args': None, 'cmake_clean_cache': False, 'cmake_clean_first': False, 'cmake_force_configure': False, 'cmake_target': None, 'cmake_target_skip_unavailable': False, 'install_base': '/home/yousif/example_ros2/install/my_robot_interfaces', 'merge_install': False, 'path': '/home/yousif/example_ros2/src/my_robot_interfaces', 'symlink_install': False, 'test_result_base': None}
[0.378s] Level 5:colcon.colcon_core.verb:set package 'my_py_pkg' build argument 'cmake_args' from command line to 'None'
[0.378s] Level 5:colcon.colcon_core.verb:set package 'my_py_pkg' build argument 'cmake_target' from command line to 'None'
[0.378s] Level 5:colcon.colcon_core.verb:set package 'my_py_pkg' build argument 'cmake_target_skip_unavailable' from command line to 'False'
[0.378s] Level 5:colcon.colcon_core.verb:set package 'my_py_pkg' build argument 'cmake_clean_cache' from command line to 'False'
[0.378s] Level 5:colcon.colcon_core.verb:set package 'my_py_pkg' build argument 'cmake_clean_first' from command line to 'False'
[0.378s] Level 5:colcon.colcon_core.verb:set package 'my_py_pkg' build argument 'cmake_force_configure' from command line to 'False'
[0.378s] Level 5:colcon.colcon_core.verb:set package 'my_py_pkg' build argument 'ament_cmake_args' from command line to 'None'
[0.378s] Level 5:colcon.colcon_core.verb:set package 'my_py_pkg' build argument 'catkin_cmake_args' from command line to 'None'
[0.378s] Level 5:colcon.colcon_core.verb:set package 'my_py_pkg' build argument 'catkin_skip_building_tests' from command line to 'False'
[0.378s] DEBUG:colcon.colcon_core.verb:Building package 'my_py_pkg' with the following arguments: {'ament_cmake_args': None, 'build_base': '/home/yousif/example_ros2/build/my_py_pkg', 'catkin_cmake_args': None, 'catkin_skip_building_tests': False, 'cmake_args': None, 'cmake_clean_cache': False, 'cmake_clean_first': False, 'cmake_force_configure': False, 'cmake_target': None, 'cmake_target_skip_unavailable': False, 'install_base': '/home/yousif/example_ros2/install/my_py_pkg', 'merge_install': False, 'path': '/home/yousif/example_ros2/src/my_py_pkg', 'symlink_install': False, 'test_result_base': None}
[0.378s] INFO:colcon.colcon_core.executor:Executing jobs using 'parallel' executor
[0.379s] DEBUG:colcon.colcon_parallel_executor.executor.parallel:run_until_complete
[0.379s] INFO:colcon.colcon_ros.task.ament_cmake.build:Building ROS package in '/home/yousif/example_ros2/src/my_robot_interfaces' with build type 'ament_cmake'
[0.380s] INFO:colcon.colcon_cmake.task.cmake.build:Building CMake package in '/home/yousif/example_ros2/src/my_robot_interfaces'
[0.382s] INFO:colcon.colcon_core.plugin_system:Skipping extension 'colcon_core.shell.bat': Not used on non-Windows systems
[0.382s] INFO:colcon.colcon_core.shell:Skip shell extension 'powershell' for command environment: Not usable outside of PowerShell
[0.382s] DEBUG:colcon.colcon_core.shell:Skip shell extension 'dsv' for command environment
[0.393s] DEBUG:colcon.colcon_core.event_handler.log_command:Invoking command in '/home/yousif/example_ros2/build/my_robot_interfaces': CMAKE_PREFIX_PATH=${CMAKE_PREFIX_PATH}:/home/yousif/example_ros2/install/my_py_pkg:/home/yousif/ros2_ws_test/install/my_robot_controller:/opt/ros/humble /usr/bin/cmake /home/yousif/example_ros2/src/my_robot_interfaces -DCMAKE_INSTALL_PREFIX=/home/yousif/example_ros2/install/my_robot_interfaces
[2.024s] DEBUG:colcon.colcon_core.event_handler.log_command:Invoked command in '/home/yousif/example_ros2/build/my_robot_interfaces' returned '0': CMAKE_PREFIX_PATH=${CMAKE_PREFIX_PATH}:/home/yousif/example_ros2/install/my_py_pkg:/home/yousif/ros2_ws_test/install/my_robot_controller:/opt/ros/humble /usr/bin/cmake /home/yousif/example_ros2/src/my_robot_interfaces -DCMAKE_INSTALL_PREFIX=/home/yousif/example_ros2/install/my_robot_interfaces
[2.026s] DEBUG:colcon.colcon_core.event_handler.log_command:Invoking command in '/home/yousif/example_ros2/build/my_robot_interfaces': CMAKE_PREFIX_PATH=${CMAKE_PREFIX_PATH}:/home/yousif/example_ros2/install/my_py_pkg:/home/yousif/ros2_ws_test/install/my_robot_controller:/opt/ros/humble /usr/bin/cmake --build /home/yousif/example_ros2/build/my_robot_interfaces -- -j8 -l8
[9.401s] DEBUG:colcon.colcon_core.event_handler.log_command:Invoked command in '/home/yousif/example_ros2/build/my_robot_interfaces' returned '0': CMAKE_PREFIX_PATH=${CMAKE_PREFIX_PATH}:/home/yousif/example_ros2/install/my_py_pkg:/home/yousif/ros2_ws_test/install/my_robot_controller:/opt/ros/humble /usr/bin/cmake --build /home/yousif/example_ros2/build/my_robot_interfaces -- -j8 -l8
[9.666s] DEBUG:colcon.colcon_core.event_handler.log_command:Invoking command in '/home/yousif/example_ros2/build/my_robot_interfaces': CMAKE_PREFIX_PATH=${CMAKE_PREFIX_PATH}:/home/yousif/example_ros2/install/my_py_pkg:/home/yousif/ros2_ws_test/install/my_robot_controller:/opt/ros/humble /usr/bin/cmake --install /home/yousif/example_ros2/build/my_robot_interfaces
[9.834s] Level 1:colcon.colcon_core.environment:create_environment_scripts_only(my_robot_interfaces)
[9.835s] DEBUG:colcon.colcon_core.event_handler.log_command:Invoked command in '/home/yousif/example_ros2/build/my_robot_interfaces' returned '0': CMAKE_PREFIX_PATH=${CMAKE_PREFIX_PATH}:/home/yousif/example_ros2/install/my_py_pkg:/home/yousif/ros2_ws_test/install/my_robot_controller:/opt/ros/humble /usr/bin/cmake --install /home/yousif/example_ros2/build/my_robot_interfaces
[9.840s] Level 1:colcon.colcon_core.environment:checking '/home/yousif/example_ros2/install/my_robot_interfaces' for CMake module files
[9.841s] Level 1:colcon.colcon_core.environment:checking '/home/yousif/example_ros2/install/my_robot_interfaces' for CMake config files
[9.842s] Level 1:colcon.colcon_core.shell:create_environment_hook('my_robot_interfaces', 'cmake_prefix_path')
[9.843s] INFO:colcon.colcon_core.shell:Creating environment hook '/home/yousif/example_ros2/install/my_robot_interfaces/share/my_robot_interfaces/hook/cmake_prefix_path.ps1'
[9.844s] INFO:colcon.colcon_core.shell:Creating environment descriptor '/home/yousif/example_ros2/install/my_robot_interfaces/share/my_robot_interfaces/hook/cmake_prefix_path.dsv'
[9.845s] INFO:colcon.colcon_core.shell:Creating environment hook '/home/yousif/example_ros2/install/my_robot_interfaces/share/my_robot_interfaces/hook/cmake_prefix_path.sh'
[9.847s] Level 1:colcon.colcon_core.environment:checking '/home/yousif/example_ros2/install/my_robot_interfaces/lib'
[9.848s] Level 1:colcon.colcon_core.shell:create_environment_hook('my_robot_interfaces', 'ld_library_path_lib')
[9.848s] INFO:colcon.colcon_core.shell:Creating environment hook '/home/yousif/example_ros2/install/my_robot_interfaces/share/my_robot_interfaces/hook/ld_library_path_lib.ps1'
[9.849s] INFO:colcon.colcon_core.shell:Creating environment descriptor '/home/yousif/example_ros2/install/my_robot_interfaces/share/my_robot_interfaces/hook/ld_library_path_lib.dsv'
[9.849s] INFO:colcon.colcon_core.shell:Creating environment hook '/home/yousif/example_ros2/install/my_robot_interfaces/share/my_robot_interfaces/hook/ld_library_path_lib.sh'
[9.850s] Level 1:colcon.colcon_core.environment:checking '/home/yousif/example_ros2/install/my_robot_interfaces/bin'
[9.850s] Level 1:colcon.colcon_core.environment:checking '/home/yousif/example_ros2/install/my_robot_interfaces/lib/pkgconfig/my_robot_interfaces.pc'
[9.850s] Level 1:colcon.colcon_core.environment:checking '/home/yousif/example_ros2/install/my_robot_interfaces/lib/python3.10/site-packages'
[9.851s] Level 1:colcon.colcon_core.environment:checking '/home/yousif/example_ros2/install/my_robot_interfaces/bin'
[9.851s] INFO:colcon.colcon_core.shell:Creating package script '/home/yousif/example_ros2/install/my_robot_interfaces/share/my_robot_interfaces/package.ps1'
[9.853s] INFO:colcon.colcon_core.shell:Creating package descriptor '/home/yousif/example_ros2/install/my_robot_interfaces/share/my_robot_interfaces/package.dsv'
[9.854s] INFO:colcon.colcon_core.shell:Creating package script '/home/yousif/example_ros2/install/my_robot_interfaces/share/my_robot_interfaces/package.sh'
[9.855s] INFO:colcon.colcon_core.shell:Creating package script '/home/yousif/example_ros2/install/my_robot_interfaces/share/my_robot_interfaces/package.bash'
[9.857s] INFO:colcon.colcon_core.shell:Creating package script '/home/yousif/example_ros2/install/my_robot_interfaces/share/my_robot_interfaces/package.zsh'
[9.858s] Level 1:colcon.colcon_core.environment:create_file_with_runtime_dependencies(/home/yousif/example_ros2/install/my_robot_interfaces/share/colcon-core/packages/my_robot_interfaces)
[10.106s] Level 1:colcon.colcon_core.environment:create_environment_scripts_only(my_robot_interfaces)
[10.107s] Level 1:colcon.colcon_core.environment:checking '/home/yousif/example_ros2/install/my_robot_interfaces' for CMake module files
[10.108s] Level 1:colcon.colcon_core.environment:checking '/home/yousif/example_ros2/install/my_robot_interfaces' for CMake config files
[10.110s] Level 1:colcon.colcon_core.shell:create_environment_hook('my_robot_interfaces', 'cmake_prefix_path')
[10.110s] INFO:colcon.colcon_core.shell:Creating environment hook '/home/yousif/example_ros2/install/my_robot_interfaces/share/my_robot_interfaces/hook/cmake_prefix_path.ps1'
[10.111s] INFO:colcon.colcon_core.shell:Creating environment descriptor '/home/yousif/example_ros2/install/my_robot_interfaces/share/my_robot_interfaces/hook/cmake_prefix_path.dsv'
[10.111s] INFO:colcon.colcon_core.shell:Creating environment hook '/home/yousif/example_ros2/install/my_robot_interfaces/share/my_robot_interfaces/hook/cmake_prefix_path.sh'
[10.112s] Level 1:colcon.colcon_core.environment:checking '/home/yousif/example_ros2/install/my_robot_interfaces/lib'
[10.112s] Level 1:colcon.colcon_core.shell:create_environment_hook('my_robot_interfaces', 'ld_library_path_lib')
[10.113s] INFO:colcon.colcon_core.shell:Creating environment hook '/home/yousif/example_ros2/install/my_robot_interfaces/share/my_robot_interfaces/hook/ld_library_path_lib.ps1'
[10.114s] INFO:colcon.colcon_core.shell:Creating environment descriptor '/home/yousif/example_ros2/install/my_robot_interfaces/share/my_robot_interfaces/hook/ld_library_path_lib.dsv'
[10.114s] INFO:colcon.colcon_core.shell:Creating environment hook '/home/yousif/example_ros2/install/my_robot_interfaces/share/my_robot_interfaces/hook/ld_library_path_lib.sh'
[10.115s] Level 1:colcon.colcon_core.environment:checking '/home/yousif/example_ros2/install/my_robot_interfaces/bin'
[10.115s] Level 1:colcon.colcon_core.environment:checking '/home/yousif/example_ros2/install/my_robot_interfaces/lib/pkgconfig/my_robot_interfaces.pc'
[10.115s] Level 1:colcon.colcon_core.environment:checking '/home/yousif/example_ros2/install/my_robot_interfaces/lib/python3.10/site-packages'
[10.116s] Level 1:colcon.colcon_core.environment:checking '/home/yousif/example_ros2/install/my_robot_interfaces/bin'
[10.117s] INFO:colcon.colcon_core.shell:Creating package script '/home/yousif/example_ros2/install/my_robot_interfaces/share/my_robot_interfaces/package.ps1'
[10.126s] INFO:colcon.colcon_core.shell:Creating package descriptor '/home/yousif/example_ros2/install/my_robot_interfaces/share/my_robot_interfaces/package.dsv'
[10.128s] INFO:colcon.colcon_core.shell:Creating package script '/home/yousif/example_ros2/install/my_robot_interfaces/share/my_robot_interfaces/package.sh'
[10.129s] INFO:colcon.colcon_core.shell:Creating package script '/home/yousif/example_ros2/install/my_robot_interfaces/share/my_robot_interfaces/package.bash'
[10.130s] INFO:colcon.colcon_core.shell:Creating package script '/home/yousif/example_ros2/install/my_robot_interfaces/share/my_robot_interfaces/package.zsh'
[10.132s] Level 1:colcon.colcon_core.environment:create_file_with_runtime_dependencies(/home/yousif/example_ros2/install/my_robot_interfaces/share/colcon-core/packages/my_robot_interfaces)
[10.132s] INFO:colcon.colcon_ros.task.ament_python.build:Building ROS package in '/home/yousif/example_ros2/src/my_py_pkg' with build type 'ament_python'
[10.133s] Level 1:colcon.colcon_core.shell:create_environment_hook('my_py_pkg', 'ament_prefix_path')
[10.133s] INFO:colcon.colcon_core.shell:Creating environment hook '/home/yousif/example_ros2/install/my_py_pkg/share/my_py_pkg/hook/ament_prefix_path.ps1'
[10.135s] INFO:colcon.colcon_core.shell:Creating environment descriptor '/home/yousif/example_ros2/install/my_py_pkg/share/my_py_pkg/hook/ament_prefix_path.dsv'
[10.136s] INFO:colcon.colcon_core.shell:Creating environment hook '/home/yousif/example_ros2/install/my_py_pkg/share/my_py_pkg/hook/ament_prefix_path.sh'
[10.137s] INFO:colcon.colcon_core.shell:Skip shell extension 'powershell' for command environment: Not usable outside of PowerShell
[10.137s] DEBUG:colcon.colcon_core.shell:Skip shell extension 'dsv' for command environment
[10.707s] INFO:colcon.colcon_core.task.python.build:Building Python package in '/home/yousif/example_ros2/src/my_py_pkg'
[10.708s] INFO:colcon.colcon_core.shell:Skip shell extension 'powershell' for command environment: Not usable outside of PowerShell
[10.708s] DEBUG:colcon.colcon_core.shell:Skip shell extension 'dsv' for command environment
[11.468s] DEBUG:colcon.colcon_core.event_handler.log_command:Invoking command in '/home/yousif/example_ros2/src/my_py_pkg': LD_LIBRARY_PATH=/home/yousif/example_ros2/install/my_robot_interfaces/lib:/opt/ros/humble/opt/rviz_ogre_vendor/lib:/opt/ros/humble/lib/x86_64-linux-gnu:/opt/ros/humble/lib:/usr/lib/x86_64-linux-gnu/gazebo-11/plugins PYTHONPATH=/home/yousif/example_ros2/build/my_py_pkg/prefix_override:/usr/lib/python3/dist-packages/colcon_core/task/python/colcon_distutils_commands:/home/yousif/example_ros2/install/my_py_pkg/lib/python3.10/site-packages:${PYTHONPATH} /usr/bin/python3 -W ignore:setup.py install is deprecated setup.py egg_info --egg-base ../../build/my_py_pkg build --build-base /home/yousif/example_ros2/build/my_py_pkg/build install --record /home/yousif/example_ros2/build/my_py_pkg/install.log --single-version-externally-managed install_data
[12.115s] Level 1:colcon.colcon_core.environment:checking '/home/yousif/example_ros2/install/my_py_pkg' for CMake module files
[12.116s] DEBUG:colcon.colcon_core.event_handler.log_command:Invoked command in '/home/yousif/example_ros2/src/my_py_pkg' returned '0': LD_LIBRARY_PATH=/home/yousif/example_ros2/install/my_robot_interfaces/lib:/opt/ros/humble/opt/rviz_ogre_vendor/lib:/opt/ros/humble/lib/x86_64-linux-gnu:/opt/ros/humble/lib:/usr/lib/x86_64-linux-gnu/gazebo-11/plugins PYTHONPATH=/home/yousif/example_ros2/build/my_py_pkg/prefix_override:/usr/lib/python3/dist-packages/colcon_core/task/python/colcon_distutils_commands:/home/yousif/example_ros2/install/my_py_pkg/lib/python3.10/site-packages:${PYTHONPATH} /usr/bin/python3 -W ignore:setup.py install is deprecated setup.py egg_info --egg-base ../../build/my_py_pkg build --build-base /home/yousif/example_ros2/build/my_py_pkg/build install --record /home/yousif/example_ros2/build/my_py_pkg/install.log --single-version-externally-managed install_data
[12.117s] Level 1:colcon.colcon_core.environment:checking '/home/yousif/example_ros2/install/my_py_pkg' for CMake config files
[12.118s] Level 1:colcon.colcon_core.environment:checking '/home/yousif/example_ros2/install/my_py_pkg/lib'
[12.118s] Level 1:colcon.colcon_core.environment:checking '/home/yousif/example_ros2/install/my_py_pkg/bin'
[12.118s] Level 1:colcon.colcon_core.environment:checking '/home/yousif/example_ros2/install/my_py_pkg/lib/pkgconfig/my_py_pkg.pc'
[12.119s] Level 1:colcon.colcon_core.environment:checking '/home/yousif/example_ros2/install/my_py_pkg/lib/python3.10/site-packages'
[12.119s] Level 1:colcon.colcon_core.shell:create_environment_hook('my_py_pkg', 'pythonpath')
[12.119s] INFO:colcon.colcon_core.shell:Creating environment hook '/home/yousif/example_ros2/install/my_py_pkg/share/my_py_pkg/hook/pythonpath.ps1'
[12.120s] INFO:colcon.colcon_core.shell:Creating environment descriptor '/home/yousif/example_ros2/install/my_py_pkg/share/my_py_pkg/hook/pythonpath.dsv'
[12.120s] INFO:colcon.colcon_core.shell:Creating environment hook '/home/yousif/example_ros2/install/my_py_pkg/share/my_py_pkg/hook/pythonpath.sh'
[12.121s] Level 1:colcon.colcon_core.environment:checking '/home/yousif/example_ros2/install/my_py_pkg/bin'
[12.121s] Level 1:colcon.colcon_core.environment:create_environment_scripts_only(my_py_pkg)
[12.122s] INFO:colcon.colcon_core.shell:Creating package script '/home/yousif/example_ros2/install/my_py_pkg/share/my_py_pkg/package.ps1'
[12.123s] INFO:colcon.colcon_core.shell:Creating package descriptor '/home/yousif/example_ros2/install/my_py_pkg/share/my_py_pkg/package.dsv'
[12.124s] INFO:colcon.colcon_core.shell:Creating package script '/home/yousif/example_ros2/install/my_py_pkg/share/my_py_pkg/package.sh'
[12.124s] INFO:colcon.colcon_core.shell:Creating package script '/home/yousif/example_ros2/install/my_py_pkg/share/my_py_pkg/package.bash'
[12.125s] INFO:colcon.colcon_core.shell:Creating package script '/home/yousif/example_ros2/install/my_py_pkg/share/my_py_pkg/package.zsh'
[12.125s] Level 1:colcon.colcon_core.environment:create_file_with_runtime_dependencies(/home/yousif/example_ros2/install/my_py_pkg/share/colcon-core/packages/my_py_pkg)
[12.126s] DEBUG:colcon.colcon_parallel_executor.executor.parallel:closing loop
[12.127s] DEBUG:colcon.colcon_parallel_executor.executor.parallel:loop closed
[12.127s] DEBUG:colcon.colcon_parallel_executor.executor.parallel:run_until_complete finished with '0'
[12.127s] DEBUG:colcon.colcon_core.event_reactor:joining thread
[12.137s] INFO:colcon.colcon_core.plugin_system:Skipping extension 'colcon_notification.desktop_notification.terminal_notifier': Not used on non-Darwin systems
[12.137s] INFO:colcon.colcon_core.plugin_system:Skipping extension 'colcon_notification.desktop_notification.win32': Not used on non-Windows systems
[12.137s] INFO:colcon.colcon_notification.desktop_notification:Sending desktop notification using 'notify2'
[12.156s] DEBUG:colcon.colcon_core.event_reactor:joined thread
[12.157s] INFO:colcon.colcon_core.shell:Creating prefix script '/home/yousif/example_ros2/install/local_setup.ps1'
[12.159s] INFO:colcon.colcon_core.shell:Creating prefix util module '/home/yousif/example_ros2/install/_local_setup_util_ps1.py'
[12.161s] INFO:colcon.colcon_core.shell:Creating prefix chain script '/home/yousif/example_ros2/install/setup.ps1'
[12.164s] INFO:colcon.colcon_core.shell:Creating prefix script '/home/yousif/example_ros2/install/local_setup.sh'
[12.165s] INFO:colcon.colcon_core.shell:Creating prefix util module '/home/yousif/example_ros2/install/_local_setup_util_sh.py'
[12.165s] INFO:colcon.colcon_core.shell:Creating prefix chain script '/home/yousif/example_ros2/install/setup.sh'
[12.168s] INFO:colcon.colcon_core.shell:Creating prefix script '/home/yousif/example_ros2/install/local_setup.bash'
[12.168s] INFO:colcon.colcon_core.shell:Creating prefix chain script '/home/yousif/example_ros2/install/setup.bash'
[12.171s] INFO:colcon.colcon_core.shell:Creating prefix script '/home/yousif/example_ros2/install/local_setup.zsh'
[12.171s] INFO:colcon.colcon_core.shell:Creating prefix chain script '/home/yousif/example_ros2/install/setup.zsh'
