[0.011s] Invoking command in '/home/yousif/example_ros2/build/my_robot_bringup': CMAKE_PREFIX_PATH=${CMAKE_PREFIX_PATH}:/home/yousif/example_ros2/install/my_py_pkg:/home/yousif/ros2_ws_test/install/my_robot_controller:/opt/ros/humble /usr/bin/cmake /home/yousif/example_ros2/src/my_robot_bringup -DAMENT_CMAKE_SYMLINK_INSTALL=1 -DCMAKE_INSTALL_PREFIX=/home/yousif/example_ros2/install/my_robot_bringup
[0.071s] -- The C compiler identification is GNU 11.4.0
[0.131s] -- The CXX compiler identification is GNU 11.4.0
[0.139s] -- Detecting C compiler ABI info
[0.217s] -- Detecting C compiler ABI info - done
[0.226s] -- Check for working C compiler: /usr/bin/cc - skipped
[0.226s] -- Detecting C compile features
[0.226s] -- Detecting C compile features - done
[0.230s] -- Detecting CXX compiler ABI info
[0.318s] -- Detecting CXX compiler ABI info - done
[0.326s] -- Check for working CXX compiler: /usr/bin/c++ - skipped
[0.326s] -- Detecting CXX compile features
[0.327s] -- Detecting CXX compile features - done
[0.330s] -- Found ament_cmake: 1.3.10 (/opt/ros/humble/share/ament_cmake/cmake)
[0.484s] -- Found Python3: /usr/bin/python3 (found version "3.10.12") found components: Interpreter 
[0.547s] -- Override CMake install command with custom implementation using symlinks instead of copying resources
[0.645s] -- Configuring done
[0.648s] -- Generating done
[0.649s] -- Build files have been written to: /home/yousif/example_ros2/build/my_robot_bringup
[0.656s] Invoked command in '/home/yousif/example_ros2/build/my_robot_bringup' returned '0': CMAKE_PREFIX_PATH=${CMAKE_PREFIX_PATH}:/home/yousif/example_ros2/install/my_py_pkg:/home/yousif/ros2_ws_test/install/my_robot_controller:/opt/ros/humble /usr/bin/cmake /home/yousif/example_ros2/src/my_robot_bringup -DAMENT_CMAKE_SYMLINK_INSTALL=1 -DCMAKE_INSTALL_PREFIX=/home/yousif/example_ros2/install/my_robot_bringup
[0.656s] Invoking command in '/home/yousif/example_ros2/build/my_robot_bringup': CMAKE_PREFIX_PATH=${CMAKE_PREFIX_PATH}:/home/yousif/example_ros2/install/my_py_pkg:/home/yousif/ros2_ws_test/install/my_robot_controller:/opt/ros/humble /usr/bin/cmake --build /home/yousif/example_ros2/build/my_robot_bringup -- -j8 -l8
[0.700s] Invoked command in '/home/yousif/example_ros2/build/my_robot_bringup' returned '0': CMAKE_PREFIX_PATH=${CMAKE_PREFIX_PATH}:/home/yousif/example_ros2/install/my_py_pkg:/home/yousif/ros2_ws_test/install/my_robot_controller:/opt/ros/humble /usr/bin/cmake --build /home/yousif/example_ros2/build/my_robot_bringup -- -j8 -l8
[0.737s] Invoking command in '/home/yousif/example_ros2/build/my_robot_bringup': CMAKE_PREFIX_PATH=${CMAKE_PREFIX_PATH}:/home/yousif/example_ros2/install/my_py_pkg:/home/yousif/ros2_ws_test/install/my_robot_controller:/opt/ros/humble /usr/bin/cmake --install /home/yousif/example_ros2/build/my_robot_bringup
[0.745s] -- Install configuration: ""
[0.746s] -- Execute custom install script
[0.746s] -- Symlinking: /home/yousif/example_ros2/install/my_robot_bringup/share/my_robot_bringup/launch/number_app.launch.py
[0.757s] -- Symlinking: /home/yousif/example_ros2/install/my_robot_bringup/share/ament_index/resource_index/package_run_dependencies/my_robot_bringup
[0.767s] -- Symlinking: /home/yousif/example_ros2/install/my_robot_bringup/share/ament_index/resource_index/parent_prefix_path/my_robot_bringup
[0.778s] -- Symlinking: /home/yousif/example_ros2/install/my_robot_bringup/share/my_robot_bringup/environment/ament_prefix_path.sh
[0.788s] -- Symlinking: /home/yousif/example_ros2/install/my_robot_bringup/share/my_robot_bringup/environment/ament_prefix_path.dsv
[0.798s] -- Symlinking: /home/yousif/example_ros2/install/my_robot_bringup/share/my_robot_bringup/environment/path.sh
[0.808s] -- Symlinking: /home/yousif/example_ros2/install/my_robot_bringup/share/my_robot_bringup/environment/path.dsv
[0.818s] -- Symlinking: /home/yousif/example_ros2/install/my_robot_bringup/share/my_robot_bringup/local_setup.bash
[0.829s] -- Symlinking: /home/yousif/example_ros2/install/my_robot_bringup/share/my_robot_bringup/local_setup.sh
[0.839s] -- Symlinking: /home/yousif/example_ros2/install/my_robot_bringup/share/my_robot_bringup/local_setup.zsh
[0.849s] -- Symlinking: /home/yousif/example_ros2/install/my_robot_bringup/share/my_robot_bringup/local_setup.dsv
[0.860s] -- Symlinking: /home/yousif/example_ros2/install/my_robot_bringup/share/my_robot_bringup/package.dsv
[0.871s] -- Symlinking: /home/yousif/example_ros2/install/my_robot_bringup/share/ament_index/resource_index/packages/my_robot_bringup
[0.881s] -- Symlinking: /home/yousif/example_ros2/install/my_robot_bringup/share/my_robot_bringup/cmake/my_robot_bringupConfig.cmake
[0.892s] -- Symlinking: /home/yousif/example_ros2/install/my_robot_bringup/share/my_robot_bringup/cmake/my_robot_bringupConfig-version.cmake
[0.902s] -- Symlinking: /home/yousif/example_ros2/install/my_robot_bringup/share/my_robot_bringup/package.xml
[0.915s] Invoked command in '/home/yousif/example_ros2/build/my_robot_bringup' returned '0': CMAKE_PREFIX_PATH=${CMAKE_PREFIX_PATH}:/home/yousif/example_ros2/install/my_py_pkg:/home/yousif/ros2_ws_test/install/my_robot_controller:/opt/ros/humble /usr/bin/cmake --install /home/yousif/example_ros2/build/my_robot_bringup
