[0.023s] Invoking command in '/home/yousif/example_ros2/build/my_robot_bringup': CMAKE_PREFIX_PATH=${CMAKE_PREFIX_PATH}:/home/yousif/example_ros2/install/my_py_pkg:/home/yousif/ros2_ws_test/install/my_robot_controller:/opt/ros/humble LD_LIBRARY_PATH=/home/yousif/example_ros2/install/my_robot_interfaces/lib:/opt/ros/humble/opt/rviz_ogre_vendor/lib:/opt/ros/humble/lib/x86_64-linux-gnu:/opt/ros/humble/lib:/usr/lib/x86_64-linux-gnu/gazebo-11/plugins:/usr/lib/x86_64-linux-gnu/gazebo-11/plugins:/usr/lib/x86_64-linux-gnu/gazebo-11/plugins /usr/bin/cmake --build /home/yousif/example_ros2/build/my_robot_bringup -- -j8 -l8
[0.093s] Invoked command in '/home/yousif/example_ros2/build/my_robot_bringup' returned '0': CMAKE_PREFIX_PATH=${CMAKE_PREFIX_PATH}:/home/yousif/example_ros2/install/my_py_pkg:/home/yousif/ros2_ws_test/install/my_robot_controller:/opt/ros/humble LD_LIBRARY_PATH=/home/yousif/example_ros2/install/my_robot_interfaces/lib:/opt/ros/humble/opt/rviz_ogre_vendor/lib:/opt/ros/humble/lib/x86_64-linux-gnu:/opt/ros/humble/lib:/usr/lib/x86_64-linux-gnu/gazebo-11/plugins:/usr/lib/x86_64-linux-gnu/gazebo-11/plugins:/usr/lib/x86_64-linux-gnu/gazebo-11/plugins /usr/bin/cmake --build /home/yousif/example_ros2/build/my_robot_bringup -- -j8 -l8
[0.140s] Invoking command in '/home/yousif/example_ros2/build/my_robot_bringup': CMAKE_PREFIX_PATH=${CMAKE_PREFIX_PATH}:/home/yousif/example_ros2/install/my_py_pkg:/home/yousif/ros2_ws_test/install/my_robot_controller:/opt/ros/humble LD_LIBRARY_PATH=/home/yousif/example_ros2/install/my_robot_interfaces/lib:/opt/ros/humble/opt/rviz_ogre_vendor/lib:/opt/ros/humble/lib/x86_64-linux-gnu:/opt/ros/humble/lib:/usr/lib/x86_64-linux-gnu/gazebo-11/plugins:/usr/lib/x86_64-linux-gnu/gazebo-11/plugins:/usr/lib/x86_64-linux-gnu/gazebo-11/plugins /usr/bin/cmake --install /home/yousif/example_ros2/build/my_robot_bringup
[0.154s] -- Install configuration: ""
[0.155s] -- Execute custom install script
[0.155s] -- Up-to-date symlink: /home/yousif/example_ros2/install/my_robot_bringup/share/my_robot_bringup/launch/number_app.launch.py
[0.156s] -- Up-to-date symlink: /home/yousif/example_ros2/install/my_robot_bringup/share/ament_index/resource_index/package_run_dependencies/my_robot_bringup
[0.156s] -- Up-to-date symlink: /home/yousif/example_ros2/install/my_robot_bringup/share/ament_index/resource_index/parent_prefix_path/my_robot_bringup
[0.156s] -- Up-to-date symlink: /home/yousif/example_ros2/install/my_robot_bringup/share/my_robot_bringup/environment/ament_prefix_path.sh
[0.157s] -- Up-to-date symlink: /home/yousif/example_ros2/install/my_robot_bringup/share/my_robot_bringup/environment/ament_prefix_path.dsv
[0.157s] -- Up-to-date symlink: /home/yousif/example_ros2/install/my_robot_bringup/share/my_robot_bringup/environment/path.sh
[0.157s] -- Up-to-date symlink: /home/yousif/example_ros2/install/my_robot_bringup/share/my_robot_bringup/environment/path.dsv
[0.158s] -- Up-to-date symlink: /home/yousif/example_ros2/install/my_robot_bringup/share/my_robot_bringup/local_setup.bash
[0.158s] -- Up-to-date symlink: /home/yousif/example_ros2/install/my_robot_bringup/share/my_robot_bringup/local_setup.sh
[0.158s] -- Up-to-date symlink: /home/yousif/example_ros2/install/my_robot_bringup/share/my_robot_bringup/local_setup.zsh
[0.158s] -- Up-to-date symlink: /home/yousif/example_ros2/install/my_robot_bringup/share/my_robot_bringup/local_setup.dsv
[0.159s] -- Symlinking: /home/yousif/example_ros2/install/my_robot_bringup/share/my_robot_bringup/package.dsv
[0.176s] -- Up-to-date symlink: /home/yousif/example_ros2/install/my_robot_bringup/share/ament_index/resource_index/packages/my_robot_bringup
[0.176s] -- Up-to-date symlink: /home/yousif/example_ros2/install/my_robot_bringup/share/my_robot_bringup/cmake/my_robot_bringupConfig.cmake
[0.176s] -- Up-to-date symlink: /home/yousif/example_ros2/install/my_robot_bringup/share/my_robot_bringup/cmake/my_robot_bringupConfig-version.cmake
[0.176s] -- Up-to-date symlink: /home/yousif/example_ros2/install/my_robot_bringup/share/my_robot_bringup/package.xml
[0.180s] Invoked command in '/home/yousif/example_ros2/build/my_robot_bringup' returned '0': CMAKE_PREFIX_PATH=${CMAKE_PREFIX_PATH}:/home/yousif/example_ros2/install/my_py_pkg:/home/yousif/ros2_ws_test/install/my_robot_controller:/opt/ros/humble LD_LIBRARY_PATH=/home/yousif/example_ros2/install/my_robot_interfaces/lib:/opt/ros/humble/opt/rviz_ogre_vendor/lib:/opt/ros/humble/lib/x86_64-linux-gnu:/opt/ros/humble/lib:/usr/lib/x86_64-linux-gnu/gazebo-11/plugins:/usr/lib/x86_64-linux-gnu/gazebo-11/plugins:/usr/lib/x86_64-linux-gnu/gazebo-11/plugins /usr/bin/cmake --install /home/yousif/example_ros2/build/my_robot_bringup
